CRITICAL - 2023-09-22 05:51:48 --> Invalid file: "user.php"
in SYSTEMPATH\Exceptions\FrameworkException.php on line 39.
 1 SYSTEMPATH\View\View.php(214): CodeIgniter\Exceptions\FrameworkException::forInvalidFile('user.php')
 2 SYSTEMPATH\Common.php(1188): CodeIgniter\View\View->render('user', [], true)
 3 APPPATH\Controllers\Home.php(9): view('user')
 4 SYSTEMPATH\CodeIgniter.php(919): App\Controllers\Home->index()
 5 SYSTEMPATH\CodeIgniter.php(494): CodeIgniter\CodeIgniter->runController(Object(App\Controllers\Home))
 6 SYSTEMPATH\CodeIgniter.php(353): CodeIgniter\CodeIgniter->handleRequest(null, Object(Config\Cache), false)
 7 FCPATH\index.php(79): CodeIgniter\CodeIgniter->run()
 8 SYSTEMPATH\Commands\Server\rewrite.php(47): require_once('C:\\laragon\\www\\ecommerce\\ci4\\public\\index.php')
CRITICAL - 2023-09-22 05:54:22 --> Undefined variable $ths
in APPPATH\Views\welcome_message.php on line 1.
 1 APPPATH\Views\welcome_message.php(1): CodeIgniter\Debug\Exceptions->errorHandler(2, 'Undefined variable $ths', 'C:\\laragon\\www\\ecommerce\\ci4\\app\\Views\\welcome_message.php', 1)
 2 SYSTEMPATH\View\View.php(226): include('C:\\laragon\\www\\ecommerce\\ci4\\app\\Views\\welcome_message.php')
 3 SYSTEMPATH\View\View.php(229): CodeIgniter\View\View->CodeIgniter\View\{closure}()
 4 SYSTEMPATH\Common.php(1188): CodeIgniter\View\View->render('welcome_message', [], true)
 5 APPPATH\Controllers\Home.php(9): view('welcome_message')
 6 SYSTEMPATH\CodeIgniter.php(919): App\Controllers\Home->index()
 7 SYSTEMPATH\CodeIgniter.php(494): CodeIgniter\CodeIgniter->runController(Object(App\Controllers\Home))
 8 SYSTEMPATH\CodeIgniter.php(353): CodeIgniter\CodeIgniter->handleRequest(null, Object(Config\Cache), false)
 9 FCPATH\index.php(79): CodeIgniter\CodeIgniter->run()
10 SYSTEMPATH\Commands\Server\rewrite.php(47): require_once('C:\\laragon\\www\\ecommerce\\ci4\\public\\index.php')
CRITICAL - 2023-09-22 05:55:11 --> Invalid file: "include/user.php"
in SYSTEMPATH\Exceptions\FrameworkException.php on line 39.
 1 SYSTEMPATH\View\View.php(214): CodeIgniter\Exceptions\FrameworkException::forInvalidFile('include/user.php')
 2 SYSTEMPATH\View\View.php(467): CodeIgniter\View\View->render('include/user', null, true)
 3 APPPATH\Views\welcome_message.php(1): CodeIgniter\View\View->include('include/user')
 4 SYSTEMPATH\View\View.php(226): include('C:\\laragon\\www\\ecommerce\\ci4\\app\\Views\\welcome_message.php')
 5 SYSTEMPATH\View\View.php(229): CodeIgniter\View\View->CodeIgniter\View\{closure}()
 6 SYSTEMPATH\Common.php(1188): CodeIgniter\View\View->render('welcome_message', [], true)
 7 APPPATH\Controllers\Home.php(9): view('welcome_message')
 8 SYSTEMPATH\CodeIgniter.php(919): App\Controllers\Home->index()
 9 SYSTEMPATH\CodeIgniter.php(494): CodeIgniter\CodeIgniter->runController(Object(App\Controllers\Home))
10 SYSTEMPATH\CodeIgniter.php(353): CodeIgniter\CodeIgniter->handleRequest(null, Object(Config\Cache), false)
11 FCPATH\index.php(79): CodeIgniter\CodeIgniter->run()
12 SYSTEMPATH\Commands\Server\rewrite.php(47): require_once('C:\\laragon\\www\\ecommerce\\ci4\\public\\index.php')
CRITICAL - 2023-09-22 05:55:13 --> Invalid file: "include/user.php"
in SYSTEMPATH\Exceptions\FrameworkException.php on line 39.
 1 SYSTEMPATH\View\View.php(214): CodeIgniter\Exceptions\FrameworkException::forInvalidFile('include/user.php')
 2 SYSTEMPATH\View\View.php(467): CodeIgniter\View\View->render('include/user', null, true)
 3 APPPATH\Views\welcome_message.php(1): CodeIgniter\View\View->include('include/user')
 4 SYSTEMPATH\View\View.php(226): include('C:\\laragon\\www\\ecommerce\\ci4\\app\\Views\\welcome_message.php')
 5 SYSTEMPATH\View\View.php(229): CodeIgniter\View\View->CodeIgniter\View\{closure}()
 6 SYSTEMPATH\Common.php(1188): CodeIgniter\View\View->render('welcome_message', [], true)
 7 APPPATH\Controllers\Home.php(9): view('welcome_message')
 8 SYSTEMPATH\CodeIgniter.php(919): App\Controllers\Home->index()
 9 SYSTEMPATH\CodeIgniter.php(494): CodeIgniter\CodeIgniter->runController(Object(App\Controllers\Home))
10 SYSTEMPATH\CodeIgniter.php(353): CodeIgniter\CodeIgniter->handleRequest(null, Object(Config\Cache), false)
11 FCPATH\index.php(79): CodeIgniter\CodeIgniter->run()
12 SYSTEMPATH\Commands\Server\rewrite.php(47): require_once('C:\\laragon\\www\\ecommerce\\ci4\\public\\index.php')
