CRITICAL - 2023-10-03 04:37:51 --> Undefined variable $product
in APPPATH\Views\admininventory\inventory.php on line 98.
 1 APPPATH\Views\admininventory\inventory.php(98): CodeIgniter\Debug\Exceptions->errorHandler(2, 'Undefined variable $product', 'C:\\laragon\\www\\ecommerce\\ci4\\app\\Views\\admininventory\\inventory.php', 98)
 2 SYSTEMPATH\View\View.php(226): include('C:\\laragon\\www\\ecommerce\\ci4\\app\\Views\\admininventory\\inventory.php')
 3 SYSTEMPATH\View\View.php(229): CodeIgniter\View\View->CodeIgniter\View\{closure}()
 4 SYSTEMPATH\View\View.php(467): CodeIgniter\View\View->render('admininventory/inventory', null, true)
 5 APPPATH\Views\admininventory.php(6): CodeIgniter\View\View->include('admininventory/inventory')
 6 SYSTEMPATH\View\View.php(226): include('C:\\laragon\\www\\ecommerce\\ci4\\app\\Views\\admininventory.php')
 7 SYSTEMPATH\View\View.php(229): CodeIgniter\View\View->CodeIgniter\View\{closure}()
 8 SYSTEMPATH\Common.php(1188): CodeIgniter\View\View->render('admininventory', [], true)
 9 APPPATH\Controllers\AdminController.php(38): view('admininventory', [...])
10 SYSTEMPATH\CodeIgniter.php(919): App\Controllers\AdminController->inventory()
11 SYSTEMPATH\CodeIgniter.php(494): CodeIgniter\CodeIgniter->runController(Object(App\Controllers\AdminController))
12 SYSTEMPATH\CodeIgniter.php(353): CodeIgniter\CodeIgniter->handleRequest(null, Object(Config\Cache), false)
13 FCPATH\index.php(79): CodeIgniter\CodeIgniter->run()
14 SYSTEMPATH\Commands\Server\rewrite.php(47): require_once('C:\\laragon\\www\\ecommerce\\ci4\\public\\index.php')
CRITICAL - 2023-10-03 04:37:59 --> Undefined variable $product
in APPPATH\Views\admininventory\inventory.php on line 98.
 1 APPPATH\Views\admininventory\inventory.php(98): CodeIgniter\Debug\Exceptions->errorHandler(2, 'Undefined variable $product', 'C:\\laragon\\www\\ecommerce\\ci4\\app\\Views\\admininventory\\inventory.php', 98)
 2 SYSTEMPATH\View\View.php(226): include('C:\\laragon\\www\\ecommerce\\ci4\\app\\Views\\admininventory\\inventory.php')
 3 SYSTEMPATH\View\View.php(229): CodeIgniter\View\View->CodeIgniter\View\{closure}()
 4 SYSTEMPATH\View\View.php(467): CodeIgniter\View\View->render('admininventory/inventory', null, true)
 5 APPPATH\Views\admininventory.php(6): CodeIgniter\View\View->include('admininventory/inventory')
 6 SYSTEMPATH\View\View.php(226): include('C:\\laragon\\www\\ecommerce\\ci4\\app\\Views\\admininventory.php')
 7 SYSTEMPATH\View\View.php(229): CodeIgniter\View\View->CodeIgniter\View\{closure}()
 8 SYSTEMPATH\Common.php(1188): CodeIgniter\View\View->render('admininventory', [], true)
 9 APPPATH\Controllers\AdminController.php(38): view('admininventory', [...])
10 SYSTEMPATH\CodeIgniter.php(919): App\Controllers\AdminController->inventory()
11 SYSTEMPATH\CodeIgniter.php(494): CodeIgniter\CodeIgniter->runController(Object(App\Controllers\AdminController))
12 SYSTEMPATH\CodeIgniter.php(353): CodeIgniter\CodeIgniter->handleRequest(null, Object(Config\Cache), false)
13 FCPATH\index.php(79): CodeIgniter\CodeIgniter->run()
14 SYSTEMPATH\Commands\Server\rewrite.php(47): require_once('C:\\laragon\\www\\ecommerce\\ci4\\public\\index.php')
CRITICAL - 2023-10-03 04:38:01 --> Undefined variable $product
in APPPATH\Views\admininventory\inventory.php on line 98.
 1 APPPATH\Views\admininventory\inventory.php(98): CodeIgniter\Debug\Exceptions->errorHandler(2, 'Undefined variable $product', 'C:\\laragon\\www\\ecommerce\\ci4\\app\\Views\\admininventory\\inventory.php', 98)
 2 SYSTEMPATH\View\View.php(226): include('C:\\laragon\\www\\ecommerce\\ci4\\app\\Views\\admininventory\\inventory.php')
 3 SYSTEMPATH\View\View.php(229): CodeIgniter\View\View->CodeIgniter\View\{closure}()
 4 SYSTEMPATH\View\View.php(467): CodeIgniter\View\View->render('admininventory/inventory', null, true)
 5 APPPATH\Views\admininventory.php(6): CodeIgniter\View\View->include('admininventory/inventory')
 6 SYSTEMPATH\View\View.php(226): include('C:\\laragon\\www\\ecommerce\\ci4\\app\\Views\\admininventory.php')
 7 SYSTEMPATH\View\View.php(229): CodeIgniter\View\View->CodeIgniter\View\{closure}()
 8 SYSTEMPATH\Common.php(1188): CodeIgniter\View\View->render('admininventory', [], true)
 9 APPPATH\Controllers\AdminController.php(38): view('admininventory', [...])
10 SYSTEMPATH\CodeIgniter.php(919): App\Controllers\AdminController->inventory()
11 SYSTEMPATH\CodeIgniter.php(494): CodeIgniter\CodeIgniter->runController(Object(App\Controllers\AdminController))
12 SYSTEMPATH\CodeIgniter.php(353): CodeIgniter\CodeIgniter->handleRequest(null, Object(Config\Cache), false)
13 FCPATH\index.php(79): CodeIgniter\CodeIgniter->run()
14 SYSTEMPATH\Commands\Server\rewrite.php(47): require_once('C:\\laragon\\www\\ecommerce\\ci4\\public\\index.php')
CRITICAL - 2023-10-03 04:38:36 --> Undefined variable $product
in APPPATH\Views\admininventory\inventory.php on line 98.
 1 APPPATH\Views\admininventory\inventory.php(98): CodeIgniter\Debug\Exceptions->errorHandler(2, 'Undefined variable $product', 'C:\\laragon\\www\\ecommerce\\ci4\\app\\Views\\admininventory\\inventory.php', 98)
 2 SYSTEMPATH\View\View.php(226): include('C:\\laragon\\www\\ecommerce\\ci4\\app\\Views\\admininventory\\inventory.php')
 3 SYSTEMPATH\View\View.php(229): CodeIgniter\View\View->CodeIgniter\View\{closure}()
 4 SYSTEMPATH\View\View.php(467): CodeIgniter\View\View->render('admininventory/inventory', null, true)
 5 APPPATH\Views\admininventory.php(6): CodeIgniter\View\View->include('admininventory/inventory')
 6 SYSTEMPATH\View\View.php(226): include('C:\\laragon\\www\\ecommerce\\ci4\\app\\Views\\admininventory.php')
 7 SYSTEMPATH\View\View.php(229): CodeIgniter\View\View->CodeIgniter\View\{closure}()
 8 SYSTEMPATH\Common.php(1188): CodeIgniter\View\View->render('admininventory', [], true)
 9 APPPATH\Controllers\AdminController.php(38): view('admininventory', [...])
10 SYSTEMPATH\CodeIgniter.php(919): App\Controllers\AdminController->inventory()
11 SYSTEMPATH\CodeIgniter.php(494): CodeIgniter\CodeIgniter->runController(Object(App\Controllers\AdminController))
12 SYSTEMPATH\CodeIgniter.php(353): CodeIgniter\CodeIgniter->handleRequest(null, Object(Config\Cache), false)
13 FCPATH\index.php(79): CodeIgniter\CodeIgniter->run()
14 SYSTEMPATH\Commands\Server\rewrite.php(47): require_once('C:\\laragon\\www\\ecommerce\\ci4\\public\\index.php')
CRITICAL - 2023-10-03 04:38:45 --> Undefined variable $product
in APPPATH\Views\admininventory\inventory.php on line 98.
 1 APPPATH\Views\admininventory\inventory.php(98): CodeIgniter\Debug\Exceptions->errorHandler(2, 'Undefined variable $product', 'C:\\laragon\\www\\ecommerce\\ci4\\app\\Views\\admininventory\\inventory.php', 98)
 2 SYSTEMPATH\View\View.php(226): include('C:\\laragon\\www\\ecommerce\\ci4\\app\\Views\\admininventory\\inventory.php')
 3 SYSTEMPATH\View\View.php(229): CodeIgniter\View\View->CodeIgniter\View\{closure}()
 4 SYSTEMPATH\View\View.php(467): CodeIgniter\View\View->render('admininventory/inventory', null, true)
 5 APPPATH\Views\admininventory.php(6): CodeIgniter\View\View->include('admininventory/inventory')
 6 SYSTEMPATH\View\View.php(226): include('C:\\laragon\\www\\ecommerce\\ci4\\app\\Views\\admininventory.php')
 7 SYSTEMPATH\View\View.php(229): CodeIgniter\View\View->CodeIgniter\View\{closure}()
 8 SYSTEMPATH\Common.php(1188): CodeIgniter\View\View->render('admininventory', [], true)
 9 APPPATH\Controllers\AdminController.php(38): view('admininventory', [...])
10 SYSTEMPATH\CodeIgniter.php(919): App\Controllers\AdminController->inventory()
11 SYSTEMPATH\CodeIgniter.php(494): CodeIgniter\CodeIgniter->runController(Object(App\Controllers\AdminController))
12 SYSTEMPATH\CodeIgniter.php(353): CodeIgniter\CodeIgniter->handleRequest(null, Object(Config\Cache), false)
13 FCPATH\index.php(79): CodeIgniter\CodeIgniter->run()
14 SYSTEMPATH\Commands\Server\rewrite.php(47): require_once('C:\\laragon\\www\\ecommerce\\ci4\\public\\index.php')
CRITICAL - 2023-10-03 04:40:42 --> Undefined array key "ID"
in APPPATH\Views\admininventory\inventory.php on line 98.
 1 APPPATH\Views\admininventory\inventory.php(98): CodeIgniter\Debug\Exceptions->errorHandler(2, 'Undefined array key "ID"', 'C:\\laragon\\www\\ecommerce\\ci4\\app\\Views\\admininventory\\inventory.php', 98)
 2 SYSTEMPATH\View\View.php(226): include('C:\\laragon\\www\\ecommerce\\ci4\\app\\Views\\admininventory\\inventory.php')
 3 SYSTEMPATH\View\View.php(229): CodeIgniter\View\View->CodeIgniter\View\{closure}()
 4 SYSTEMPATH\View\View.php(467): CodeIgniter\View\View->render('admininventory/inventory', null, true)
 5 APPPATH\Views\admininventory.php(6): CodeIgniter\View\View->include('admininventory/inventory')
 6 SYSTEMPATH\View\View.php(226): include('C:\\laragon\\www\\ecommerce\\ci4\\app\\Views\\admininventory.php')
 7 SYSTEMPATH\View\View.php(229): CodeIgniter\View\View->CodeIgniter\View\{closure}()
 8 SYSTEMPATH\Common.php(1188): CodeIgniter\View\View->render('admininventory', [], true)
 9 APPPATH\Controllers\AdminController.php(37): view('admininventory', [...])
10 SYSTEMPATH\CodeIgniter.php(919): App\Controllers\AdminController->inventory()
11 SYSTEMPATH\CodeIgniter.php(494): CodeIgniter\CodeIgniter->runController(Object(App\Controllers\AdminController))
12 SYSTEMPATH\CodeIgniter.php(353): CodeIgniter\CodeIgniter->handleRequest(null, Object(Config\Cache), false)
13 FCPATH\index.php(79): CodeIgniter\CodeIgniter->run()
14 SYSTEMPATH\Commands\Server\rewrite.php(47): require_once('C:\\laragon\\www\\ecommerce\\ci4\\public\\index.php')
CRITICAL - 2023-10-03 04:41:38 --> Undefined array key "ID"
in APPPATH\Views\admininventory\inventory.php on line 98.
 1 APPPATH\Views\admininventory\inventory.php(98): CodeIgniter\Debug\Exceptions->errorHandler(2, 'Undefined array key "ID"', 'C:\\laragon\\www\\ecommerce\\ci4\\app\\Views\\admininventory\\inventory.php', 98)
 2 SYSTEMPATH\View\View.php(226): include('C:\\laragon\\www\\ecommerce\\ci4\\app\\Views\\admininventory\\inventory.php')
 3 SYSTEMPATH\View\View.php(229): CodeIgniter\View\View->CodeIgniter\View\{closure}()
 4 SYSTEMPATH\View\View.php(467): CodeIgniter\View\View->render('admininventory/inventory', null, true)
 5 APPPATH\Views\admininventory.php(6): CodeIgniter\View\View->include('admininventory/inventory')
 6 SYSTEMPATH\View\View.php(226): include('C:\\laragon\\www\\ecommerce\\ci4\\app\\Views\\admininventory.php')
 7 SYSTEMPATH\View\View.php(229): CodeIgniter\View\View->CodeIgniter\View\{closure}()
 8 SYSTEMPATH\Common.php(1188): CodeIgniter\View\View->render('admininventory', [], true)
 9 APPPATH\Controllers\AdminController.php(37): view('admininventory', [...])
10 SYSTEMPATH\CodeIgniter.php(919): App\Controllers\AdminController->inventory()
11 SYSTEMPATH\CodeIgniter.php(494): CodeIgniter\CodeIgniter->runController(Object(App\Controllers\AdminController))
12 SYSTEMPATH\CodeIgniter.php(353): CodeIgniter\CodeIgniter->handleRequest(null, Object(Config\Cache), false)
13 FCPATH\index.php(79): CodeIgniter\CodeIgniter->run()
14 SYSTEMPATH\Commands\Server\rewrite.php(47): require_once('C:\\laragon\\www\\ecommerce\\ci4\\public\\index.php')
CRITICAL - 2023-10-03 04:41:39 --> Undefined array key "ID"
in APPPATH\Views\admininventory\inventory.php on line 98.
 1 APPPATH\Views\admininventory\inventory.php(98): CodeIgniter\Debug\Exceptions->errorHandler(2, 'Undefined array key "ID"', 'C:\\laragon\\www\\ecommerce\\ci4\\app\\Views\\admininventory\\inventory.php', 98)
 2 SYSTEMPATH\View\View.php(226): include('C:\\laragon\\www\\ecommerce\\ci4\\app\\Views\\admininventory\\inventory.php')
 3 SYSTEMPATH\View\View.php(229): CodeIgniter\View\View->CodeIgniter\View\{closure}()
 4 SYSTEMPATH\View\View.php(467): CodeIgniter\View\View->render('admininventory/inventory', null, true)
 5 APPPATH\Views\admininventory.php(6): CodeIgniter\View\View->include('admininventory/inventory')
 6 SYSTEMPATH\View\View.php(226): include('C:\\laragon\\www\\ecommerce\\ci4\\app\\Views\\admininventory.php')
 7 SYSTEMPATH\View\View.php(229): CodeIgniter\View\View->CodeIgniter\View\{closure}()
 8 SYSTEMPATH\Common.php(1188): CodeIgniter\View\View->render('admininventory', [], true)
 9 APPPATH\Controllers\AdminController.php(37): view('admininventory', [...])
10 SYSTEMPATH\CodeIgniter.php(919): App\Controllers\AdminController->inventory()
11 SYSTEMPATH\CodeIgniter.php(494): CodeIgniter\CodeIgniter->runController(Object(App\Controllers\AdminController))
12 SYSTEMPATH\CodeIgniter.php(353): CodeIgniter\CodeIgniter->handleRequest(null, Object(Config\Cache), false)
13 FCPATH\index.php(79): CodeIgniter\CodeIgniter->run()
14 SYSTEMPATH\Commands\Server\rewrite.php(47): require_once('C:\\laragon\\www\\ecommerce\\ci4\\public\\index.php')
CRITICAL - 2023-10-03 04:43:30 --> Undefined array key "ID"
in APPPATH\Views\admininventory\inventory.php on line 98.
 1 APPPATH\Views\admininventory\inventory.php(98): CodeIgniter\Debug\Exceptions->errorHandler(2, 'Undefined array key "ID"', 'C:\\laragon\\www\\ecommerce\\ci4\\app\\Views\\admininventory\\inventory.php', 98)
 2 SYSTEMPATH\View\View.php(226): include('C:\\laragon\\www\\ecommerce\\ci4\\app\\Views\\admininventory\\inventory.php')
 3 SYSTEMPATH\View\View.php(229): CodeIgniter\View\View->CodeIgniter\View\{closure}()
 4 SYSTEMPATH\View\View.php(467): CodeIgniter\View\View->render('admininventory/inventory', null, true)
 5 APPPATH\Views\admininventory.php(6): CodeIgniter\View\View->include('admininventory/inventory')
 6 SYSTEMPATH\View\View.php(226): include('C:\\laragon\\www\\ecommerce\\ci4\\app\\Views\\admininventory.php')
 7 SYSTEMPATH\View\View.php(229): CodeIgniter\View\View->CodeIgniter\View\{closure}()
 8 SYSTEMPATH\Common.php(1188): CodeIgniter\View\View->render('admininventory', [], true)
 9 APPPATH\Controllers\AdminController.php(37): view('admininventory', [...])
10 SYSTEMPATH\CodeIgniter.php(919): App\Controllers\AdminController->inventory()
11 SYSTEMPATH\CodeIgniter.php(494): CodeIgniter\CodeIgniter->runController(Object(App\Controllers\AdminController))
12 SYSTEMPATH\CodeIgniter.php(353): CodeIgniter\CodeIgniter->handleRequest(null, Object(Config\Cache), false)
13 FCPATH\index.php(79): CodeIgniter\CodeIgniter->run()
14 SYSTEMPATH\Commands\Server\rewrite.php(47): require_once('C:\\laragon\\www\\ecommerce\\ci4\\public\\index.php')
CRITICAL - 2023-10-03 04:43:31 --> Undefined array key "ID"
in APPPATH\Views\admininventory\inventory.php on line 98.
 1 APPPATH\Views\admininventory\inventory.php(98): CodeIgniter\Debug\Exceptions->errorHandler(2, 'Undefined array key "ID"', 'C:\\laragon\\www\\ecommerce\\ci4\\app\\Views\\admininventory\\inventory.php', 98)
 2 SYSTEMPATH\View\View.php(226): include('C:\\laragon\\www\\ecommerce\\ci4\\app\\Views\\admininventory\\inventory.php')
 3 SYSTEMPATH\View\View.php(229): CodeIgniter\View\View->CodeIgniter\View\{closure}()
 4 SYSTEMPATH\View\View.php(467): CodeIgniter\View\View->render('admininventory/inventory', null, true)
 5 APPPATH\Views\admininventory.php(6): CodeIgniter\View\View->include('admininventory/inventory')
 6 SYSTEMPATH\View\View.php(226): include('C:\\laragon\\www\\ecommerce\\ci4\\app\\Views\\admininventory.php')
 7 SYSTEMPATH\View\View.php(229): CodeIgniter\View\View->CodeIgniter\View\{closure}()
 8 SYSTEMPATH\Common.php(1188): CodeIgniter\View\View->render('admininventory', [], true)
 9 APPPATH\Controllers\AdminController.php(37): view('admininventory', [...])
10 SYSTEMPATH\CodeIgniter.php(919): App\Controllers\AdminController->inventory()
11 SYSTEMPATH\CodeIgniter.php(494): CodeIgniter\CodeIgniter->runController(Object(App\Controllers\AdminController))
12 SYSTEMPATH\CodeIgniter.php(353): CodeIgniter\CodeIgniter->handleRequest(null, Object(Config\Cache), false)
13 FCPATH\index.php(79): CodeIgniter\CodeIgniter->run()
14 SYSTEMPATH\Commands\Server\rewrite.php(47): require_once('C:\\laragon\\www\\ecommerce\\ci4\\public\\index.php')
CRITICAL - 2023-10-03 04:43:32 --> Undefined array key "ID"
in APPPATH\Views\admininventory\inventory.php on line 98.
 1 APPPATH\Views\admininventory\inventory.php(98): CodeIgniter\Debug\Exceptions->errorHandler(2, 'Undefined array key "ID"', 'C:\\laragon\\www\\ecommerce\\ci4\\app\\Views\\admininventory\\inventory.php', 98)
 2 SYSTEMPATH\View\View.php(226): include('C:\\laragon\\www\\ecommerce\\ci4\\app\\Views\\admininventory\\inventory.php')
 3 SYSTEMPATH\View\View.php(229): CodeIgniter\View\View->CodeIgniter\View\{closure}()
 4 SYSTEMPATH\View\View.php(467): CodeIgniter\View\View->render('admininventory/inventory', null, true)
 5 APPPATH\Views\admininventory.php(6): CodeIgniter\View\View->include('admininventory/inventory')
 6 SYSTEMPATH\View\View.php(226): include('C:\\laragon\\www\\ecommerce\\ci4\\app\\Views\\admininventory.php')
 7 SYSTEMPATH\View\View.php(229): CodeIgniter\View\View->CodeIgniter\View\{closure}()
 8 SYSTEMPATH\Common.php(1188): CodeIgniter\View\View->render('admininventory', [], true)
 9 APPPATH\Controllers\AdminController.php(37): view('admininventory', [...])
10 SYSTEMPATH\CodeIgniter.php(919): App\Controllers\AdminController->inventory()
11 SYSTEMPATH\CodeIgniter.php(494): CodeIgniter\CodeIgniter->runController(Object(App\Controllers\AdminController))
12 SYSTEMPATH\CodeIgniter.php(353): CodeIgniter\CodeIgniter->handleRequest(null, Object(Config\Cache), false)
13 FCPATH\index.php(79): CodeIgniter\CodeIgniter->run()
14 SYSTEMPATH\Commands\Server\rewrite.php(47): require_once('C:\\laragon\\www\\ecommerce\\ci4\\public\\index.php')
CRITICAL - 2023-10-03 04:43:50 --> Undefined array key "ID"
in APPPATH\Views\admininventory\inventory.php on line 98.
 1 APPPATH\Views\admininventory\inventory.php(98): CodeIgniter\Debug\Exceptions->errorHandler(2, 'Undefined array key "ID"', 'C:\\laragon\\www\\ecommerce\\ci4\\app\\Views\\admininventory\\inventory.php', 98)
 2 SYSTEMPATH\View\View.php(226): include('C:\\laragon\\www\\ecommerce\\ci4\\app\\Views\\admininventory\\inventory.php')
 3 SYSTEMPATH\View\View.php(229): CodeIgniter\View\View->CodeIgniter\View\{closure}()
 4 SYSTEMPATH\View\View.php(467): CodeIgniter\View\View->render('admininventory/inventory', null, true)
 5 APPPATH\Views\admininventory.php(6): CodeIgniter\View\View->include('admininventory/inventory')
 6 SYSTEMPATH\View\View.php(226): include('C:\\laragon\\www\\ecommerce\\ci4\\app\\Views\\admininventory.php')
 7 SYSTEMPATH\View\View.php(229): CodeIgniter\View\View->CodeIgniter\View\{closure}()
 8 SYSTEMPATH\Common.php(1188): CodeIgniter\View\View->render('admininventory', [], true)
 9 APPPATH\Controllers\AdminController.php(37): view('admininventory', [...])
10 SYSTEMPATH\CodeIgniter.php(919): App\Controllers\AdminController->inventory()
11 SYSTEMPATH\CodeIgniter.php(494): CodeIgniter\CodeIgniter->runController(Object(App\Controllers\AdminController))
12 SYSTEMPATH\CodeIgniter.php(353): CodeIgniter\CodeIgniter->handleRequest(null, Object(Config\Cache), false)
13 FCPATH\index.php(79): CodeIgniter\CodeIgniter->run()
14 SYSTEMPATH\Commands\Server\rewrite.php(47): require_once('C:\\laragon\\www\\ecommerce\\ci4\\public\\index.php')
CRITICAL - 2023-10-03 04:44:32 --> Undefined variable $product
in APPPATH\Views\admininventory\inventory.php on line 98.
 1 APPPATH\Views\admininventory\inventory.php(98): CodeIgniter\Debug\Exceptions->errorHandler(2, 'Undefined variable $product', 'C:\\laragon\\www\\ecommerce\\ci4\\app\\Views\\admininventory\\inventory.php', 98)
 2 SYSTEMPATH\View\View.php(226): include('C:\\laragon\\www\\ecommerce\\ci4\\app\\Views\\admininventory\\inventory.php')
 3 SYSTEMPATH\View\View.php(229): CodeIgniter\View\View->CodeIgniter\View\{closure}()
 4 SYSTEMPATH\View\View.php(467): CodeIgniter\View\View->render('admininventory/inventory', null, true)
 5 APPPATH\Views\admininventory.php(6): CodeIgniter\View\View->include('admininventory/inventory')
 6 SYSTEMPATH\View\View.php(226): include('C:\\laragon\\www\\ecommerce\\ci4\\app\\Views\\admininventory.php')
 7 SYSTEMPATH\View\View.php(229): CodeIgniter\View\View->CodeIgniter\View\{closure}()
 8 SYSTEMPATH\Common.php(1188): CodeIgniter\View\View->render('admininventory', [], true)
 9 APPPATH\Controllers\AdminController.php(38): view('admininventory', [...])
10 SYSTEMPATH\CodeIgniter.php(919): App\Controllers\AdminController->inventory()
11 SYSTEMPATH\CodeIgniter.php(494): CodeIgniter\CodeIgniter->runController(Object(App\Controllers\AdminController))
12 SYSTEMPATH\CodeIgniter.php(353): CodeIgniter\CodeIgniter->handleRequest(null, Object(Config\Cache), false)
13 FCPATH\index.php(79): CodeIgniter\CodeIgniter->run()
14 SYSTEMPATH\Commands\Server\rewrite.php(47): require_once('C:\\laragon\\www\\ecommerce\\ci4\\public\\index.php')
CRITICAL - 2023-10-03 04:44:33 --> Undefined variable $product
in APPPATH\Views\admininventory\inventory.php on line 98.
 1 APPPATH\Views\admininventory\inventory.php(98): CodeIgniter\Debug\Exceptions->errorHandler(2, 'Undefined variable $product', 'C:\\laragon\\www\\ecommerce\\ci4\\app\\Views\\admininventory\\inventory.php', 98)
 2 SYSTEMPATH\View\View.php(226): include('C:\\laragon\\www\\ecommerce\\ci4\\app\\Views\\admininventory\\inventory.php')
 3 SYSTEMPATH\View\View.php(229): CodeIgniter\View\View->CodeIgniter\View\{closure}()
 4 SYSTEMPATH\View\View.php(467): CodeIgniter\View\View->render('admininventory/inventory', null, true)
 5 APPPATH\Views\admininventory.php(6): CodeIgniter\View\View->include('admininventory/inventory')
 6 SYSTEMPATH\View\View.php(226): include('C:\\laragon\\www\\ecommerce\\ci4\\app\\Views\\admininventory.php')
 7 SYSTEMPATH\View\View.php(229): CodeIgniter\View\View->CodeIgniter\View\{closure}()
 8 SYSTEMPATH\Common.php(1188): CodeIgniter\View\View->render('admininventory', [], true)
 9 APPPATH\Controllers\AdminController.php(38): view('admininventory', [...])
10 SYSTEMPATH\CodeIgniter.php(919): App\Controllers\AdminController->inventory()
11 SYSTEMPATH\CodeIgniter.php(494): CodeIgniter\CodeIgniter->runController(Object(App\Controllers\AdminController))
12 SYSTEMPATH\CodeIgniter.php(353): CodeIgniter\CodeIgniter->handleRequest(null, Object(Config\Cache), false)
13 FCPATH\index.php(79): CodeIgniter\CodeIgniter->run()
14 SYSTEMPATH\Commands\Server\rewrite.php(47): require_once('C:\\laragon\\www\\ecommerce\\ci4\\public\\index.php')
CRITICAL - 2023-10-03 04:44:33 --> Undefined variable $product
in APPPATH\Views\admininventory\inventory.php on line 98.
 1 APPPATH\Views\admininventory\inventory.php(98): CodeIgniter\Debug\Exceptions->errorHandler(2, 'Undefined variable $product', 'C:\\laragon\\www\\ecommerce\\ci4\\app\\Views\\admininventory\\inventory.php', 98)
 2 SYSTEMPATH\View\View.php(226): include('C:\\laragon\\www\\ecommerce\\ci4\\app\\Views\\admininventory\\inventory.php')
 3 SYSTEMPATH\View\View.php(229): CodeIgniter\View\View->CodeIgniter\View\{closure}()
 4 SYSTEMPATH\View\View.php(467): CodeIgniter\View\View->render('admininventory/inventory', null, true)
 5 APPPATH\Views\admininventory.php(6): CodeIgniter\View\View->include('admininventory/inventory')
 6 SYSTEMPATH\View\View.php(226): include('C:\\laragon\\www\\ecommerce\\ci4\\app\\Views\\admininventory.php')
 7 SYSTEMPATH\View\View.php(229): CodeIgniter\View\View->CodeIgniter\View\{closure}()
 8 SYSTEMPATH\Common.php(1188): CodeIgniter\View\View->render('admininventory', [], true)
 9 APPPATH\Controllers\AdminController.php(38): view('admininventory', [...])
10 SYSTEMPATH\CodeIgniter.php(919): App\Controllers\AdminController->inventory()
11 SYSTEMPATH\CodeIgniter.php(494): CodeIgniter\CodeIgniter->runController(Object(App\Controllers\AdminController))
12 SYSTEMPATH\CodeIgniter.php(353): CodeIgniter\CodeIgniter->handleRequest(null, Object(Config\Cache), false)
13 FCPATH\index.php(79): CodeIgniter\CodeIgniter->run()
14 SYSTEMPATH\Commands\Server\rewrite.php(47): require_once('C:\\laragon\\www\\ecommerce\\ci4\\public\\index.php')
CRITICAL - 2023-10-03 04:44:34 --> Undefined variable $product
in APPPATH\Views\admininventory\inventory.php on line 98.
 1 APPPATH\Views\admininventory\inventory.php(98): CodeIgniter\Debug\Exceptions->errorHandler(2, 'Undefined variable $product', 'C:\\laragon\\www\\ecommerce\\ci4\\app\\Views\\admininventory\\inventory.php', 98)
 2 SYSTEMPATH\View\View.php(226): include('C:\\laragon\\www\\ecommerce\\ci4\\app\\Views\\admininventory\\inventory.php')
 3 SYSTEMPATH\View\View.php(229): CodeIgniter\View\View->CodeIgniter\View\{closure}()
 4 SYSTEMPATH\View\View.php(467): CodeIgniter\View\View->render('admininventory/inventory', null, true)
 5 APPPATH\Views\admininventory.php(6): CodeIgniter\View\View->include('admininventory/inventory')
 6 SYSTEMPATH\View\View.php(226): include('C:\\laragon\\www\\ecommerce\\ci4\\app\\Views\\admininventory.php')
 7 SYSTEMPATH\View\View.php(229): CodeIgniter\View\View->CodeIgniter\View\{closure}()
 8 SYSTEMPATH\Common.php(1188): CodeIgniter\View\View->render('admininventory', [], true)
 9 APPPATH\Controllers\AdminController.php(38): view('admininventory', [...])
10 SYSTEMPATH\CodeIgniter.php(919): App\Controllers\AdminController->inventory()
11 SYSTEMPATH\CodeIgniter.php(494): CodeIgniter\CodeIgniter->runController(Object(App\Controllers\AdminController))
12 SYSTEMPATH\CodeIgniter.php(353): CodeIgniter\CodeIgniter->handleRequest(null, Object(Config\Cache), false)
13 FCPATH\index.php(79): CodeIgniter\CodeIgniter->run()
14 SYSTEMPATH\Commands\Server\rewrite.php(47): require_once('C:\\laragon\\www\\ecommerce\\ci4\\public\\index.php')
CRITICAL - 2023-10-03 07:05:25 --> Undefined array key "role"
in APPPATH\Controllers\Home.php on line 81.
 1 APPPATH\Controllers\Home.php(81): CodeIgniter\Debug\Exceptions->errorHandler(2, 'Undefined array key "role"', 'C:\\laragon\\www\\ecommerce\\ci4\\app\\Controllers\\Home.php', 81)
 2 SYSTEMPATH\CodeIgniter.php(919): App\Controllers\Home->LoginAuth()
 3 SYSTEMPATH\CodeIgniter.php(494): CodeIgniter\CodeIgniter->runController(Object(App\Controllers\Home))
 4 SYSTEMPATH\CodeIgniter.php(353): CodeIgniter\CodeIgniter->handleRequest(null, Object(Config\Cache), false)
 5 FCPATH\index.php(79): CodeIgniter\CodeIgniter->run()
 6 SYSTEMPATH\Commands\Server\rewrite.php(47): require_once('C:\\laragon\\www\\ecommerce\\ci4\\public\\index.php')
ERROR - 2023-10-03 15:06:52 --> mysqli_sql_exception: Column 'ProductQuantity' cannot be null in C:\laragon\www\ecommerce\ci4\system\Database\MySQLi\Connection.php:306
Stack trace:
#0 C:\laragon\www\ecommerce\ci4\system\Database\MySQLi\Connection.php(306): mysqli->query('INSERT INTO `ta...', 0)
#1 C:\laragon\www\ecommerce\ci4\system\Database\BaseConnection.php(692): CodeIgniter\Database\MySQLi\Connection->execute('INSERT INTO `ta...')
#2 C:\laragon\www\ecommerce\ci4\system\Database\BaseConnection.php(606): CodeIgniter\Database\BaseConnection->simpleQuery('INSERT INTO `ta...')
#3 C:\laragon\www\ecommerce\ci4\system\Database\BaseBuilder.php(2308): CodeIgniter\Database\BaseConnection->query('INSERT INTO `ta...', Array, false)
#4 C:\laragon\www\ecommerce\ci4\system\Model.php(319): CodeIgniter\Database\BaseBuilder->insert()
#5 C:\laragon\www\ecommerce\ci4\system\BaseModel.php(788): CodeIgniter\Model->doInsert(Array)
#6 C:\laragon\www\ecommerce\ci4\system\Model.php(715): CodeIgniter\BaseModel->insert(Array, true)
#7 C:\laragon\www\ecommerce\ci4\app\Controllers\AdminController.php(62): CodeIgniter\Model->insert(Array)
#8 C:\laragon\www\ecommerce\ci4\system\CodeIgniter.php(919): App\Controllers\AdminController->add()
#9 C:\laragon\www\ecommerce\ci4\system\CodeIgniter.php(494): CodeIgniter\CodeIgniter->runController(Object(App\Controllers\AdminController))
#10 C:\laragon\www\ecommerce\ci4\system\CodeIgniter.php(353): CodeIgniter\CodeIgniter->handleRequest(NULL, Object(Config\Cache), false)
#11 C:\laragon\www\ecommerce\ci4\public\index.php(79): CodeIgniter\CodeIgniter->run()
#12 C:\laragon\www\ecommerce\ci4\system\Commands\Server\rewrite.php(47): require_once('C:\\laragon\\www\\...')
#13 {main}
CRITICAL - 2023-10-03 15:06:52 --> Column 'ProductQuantity' cannot be null
in SYSTEMPATH\Database\BaseConnection.php on line 646.
 1 SYSTEMPATH\Database\BaseBuilder.php(2308): CodeIgniter\Database\BaseConnection->query('INSERT INTO `table_products` (`image`, `ProductName`, `ProductDescription`, `ProductCategory`, `ProductQuantity`, `ProductPrice`) VALUES (:image:, :ProductName:, :ProductDescription:, :ProductCategory:, :ProductQuantity:, :ProductPrice:)', [...], false)
 2 SYSTEMPATH\Model.php(319): CodeIgniter\Database\BaseBuilder->insert()
 3 SYSTEMPATH\BaseModel.php(788): CodeIgniter\Model->doInsert([...])
 4 SYSTEMPATH\Model.php(715): CodeIgniter\BaseModel->insert([...], true)
 5 APPPATH\Controllers\AdminController.php(62): CodeIgniter\Model->insert([...])
 6 SYSTEMPATH\CodeIgniter.php(919): App\Controllers\AdminController->add()
 7 SYSTEMPATH\CodeIgniter.php(494): CodeIgniter\CodeIgniter->runController(Object(App\Controllers\AdminController))
 8 SYSTEMPATH\CodeIgniter.php(353): CodeIgniter\CodeIgniter->handleRequest(null, Object(Config\Cache), false)
 9 FCPATH\index.php(79): CodeIgniter\CodeIgniter->run()
10 SYSTEMPATH\Commands\Server\rewrite.php(47): require_once('C:\\laragon\\www\\ecommerce\\ci4\\public\\index.php')
ERROR - 2023-10-03 15:07:07 --> mysqli_sql_exception: Column 'ProductQuantity' cannot be null in C:\laragon\www\ecommerce\ci4\system\Database\MySQLi\Connection.php:306
Stack trace:
#0 C:\laragon\www\ecommerce\ci4\system\Database\MySQLi\Connection.php(306): mysqli->query('INSERT INTO `ta...', 0)
#1 C:\laragon\www\ecommerce\ci4\system\Database\BaseConnection.php(692): CodeIgniter\Database\MySQLi\Connection->execute('INSERT INTO `ta...')
#2 C:\laragon\www\ecommerce\ci4\system\Database\BaseConnection.php(606): CodeIgniter\Database\BaseConnection->simpleQuery('INSERT INTO `ta...')
#3 C:\laragon\www\ecommerce\ci4\system\Database\BaseBuilder.php(2308): CodeIgniter\Database\BaseConnection->query('INSERT INTO `ta...', Array, false)
#4 C:\laragon\www\ecommerce\ci4\system\Model.php(319): CodeIgniter\Database\BaseBuilder->insert()
#5 C:\laragon\www\ecommerce\ci4\system\BaseModel.php(788): CodeIgniter\Model->doInsert(Array)
#6 C:\laragon\www\ecommerce\ci4\system\Model.php(715): CodeIgniter\BaseModel->insert(Array, true)
#7 C:\laragon\www\ecommerce\ci4\app\Controllers\AdminController.php(62): CodeIgniter\Model->insert(Array)
#8 C:\laragon\www\ecommerce\ci4\system\CodeIgniter.php(919): App\Controllers\AdminController->add()
#9 C:\laragon\www\ecommerce\ci4\system\CodeIgniter.php(494): CodeIgniter\CodeIgniter->runController(Object(App\Controllers\AdminController))
#10 C:\laragon\www\ecommerce\ci4\system\CodeIgniter.php(353): CodeIgniter\CodeIgniter->handleRequest(NULL, Object(Config\Cache), false)
#11 C:\laragon\www\ecommerce\ci4\public\index.php(79): CodeIgniter\CodeIgniter->run()
#12 C:\laragon\www\ecommerce\ci4\system\Commands\Server\rewrite.php(47): require_once('C:\\laragon\\www\\...')
#13 {main}
CRITICAL - 2023-10-03 15:07:07 --> Column 'ProductQuantity' cannot be null
in SYSTEMPATH\Database\BaseConnection.php on line 646.
 1 SYSTEMPATH\Database\BaseBuilder.php(2308): CodeIgniter\Database\BaseConnection->query('INSERT INTO `table_products` (`image`, `ProductName`, `ProductDescription`, `ProductCategory`, `ProductQuantity`, `ProductPrice`) VALUES (:image:, :ProductName:, :ProductDescription:, :ProductCategory:, :ProductQuantity:, :ProductPrice:)', [...], false)
 2 SYSTEMPATH\Model.php(319): CodeIgniter\Database\BaseBuilder->insert()
 3 SYSTEMPATH\BaseModel.php(788): CodeIgniter\Model->doInsert([...])
 4 SYSTEMPATH\Model.php(715): CodeIgniter\BaseModel->insert([...], true)
 5 APPPATH\Controllers\AdminController.php(62): CodeIgniter\Model->insert([...])
 6 SYSTEMPATH\CodeIgniter.php(919): App\Controllers\AdminController->add()
 7 SYSTEMPATH\CodeIgniter.php(494): CodeIgniter\CodeIgniter->runController(Object(App\Controllers\AdminController))
 8 SYSTEMPATH\CodeIgniter.php(353): CodeIgniter\CodeIgniter->handleRequest(null, Object(Config\Cache), false)
 9 FCPATH\index.php(79): CodeIgniter\CodeIgniter->run()
10 SYSTEMPATH\Commands\Server\rewrite.php(47): require_once('C:\\laragon\\www\\ecommerce\\ci4\\public\\index.php')
ERROR - 2023-10-03 15:10:04 --> mysqli_sql_exception: Column 'ProductQuantity' cannot be null in C:\laragon\www\ecommerce\ci4\system\Database\MySQLi\Connection.php:306
Stack trace:
#0 C:\laragon\www\ecommerce\ci4\system\Database\MySQLi\Connection.php(306): mysqli->query('INSERT INTO `ta...', 0)
#1 C:\laragon\www\ecommerce\ci4\system\Database\BaseConnection.php(692): CodeIgniter\Database\MySQLi\Connection->execute('INSERT INTO `ta...')
#2 C:\laragon\www\ecommerce\ci4\system\Database\BaseConnection.php(606): CodeIgniter\Database\BaseConnection->simpleQuery('INSERT INTO `ta...')
#3 C:\laragon\www\ecommerce\ci4\system\Database\BaseBuilder.php(2308): CodeIgniter\Database\BaseConnection->query('INSERT INTO `ta...', Array, false)
#4 C:\laragon\www\ecommerce\ci4\system\Model.php(319): CodeIgniter\Database\BaseBuilder->insert()
#5 C:\laragon\www\ecommerce\ci4\system\BaseModel.php(788): CodeIgniter\Model->doInsert(Array)
#6 C:\laragon\www\ecommerce\ci4\system\Model.php(715): CodeIgniter\BaseModel->insert(Array, true)
#7 C:\laragon\www\ecommerce\ci4\app\Controllers\AdminController.php(62): CodeIgniter\Model->insert(Array)
#8 C:\laragon\www\ecommerce\ci4\system\CodeIgniter.php(919): App\Controllers\AdminController->add()
#9 C:\laragon\www\ecommerce\ci4\system\CodeIgniter.php(494): CodeIgniter\CodeIgniter->runController(Object(App\Controllers\AdminController))
#10 C:\laragon\www\ecommerce\ci4\system\CodeIgniter.php(353): CodeIgniter\CodeIgniter->handleRequest(NULL, Object(Config\Cache), false)
#11 C:\laragon\www\ecommerce\ci4\public\index.php(79): CodeIgniter\CodeIgniter->run()
#12 C:\laragon\www\ecommerce\ci4\system\Commands\Server\rewrite.php(47): require_once('C:\\laragon\\www\\...')
#13 {main}
CRITICAL - 2023-10-03 15:10:04 --> Column 'ProductQuantity' cannot be null
in SYSTEMPATH\Database\BaseConnection.php on line 646.
 1 SYSTEMPATH\Database\BaseBuilder.php(2308): CodeIgniter\Database\BaseConnection->query('INSERT INTO `table_products` (`image`, `ProductName`, `ProductDescription`, `ProductCategory`, `ProductQuantity`, `ProductPrice`) VALUES (:image:, :ProductName:, :ProductDescription:, :ProductCategory:, :ProductQuantity:, :ProductPrice:)', [...], false)
 2 SYSTEMPATH\Model.php(319): CodeIgniter\Database\BaseBuilder->insert()
 3 SYSTEMPATH\BaseModel.php(788): CodeIgniter\Model->doInsert([...])
 4 SYSTEMPATH\Model.php(715): CodeIgniter\BaseModel->insert([...], true)
 5 APPPATH\Controllers\AdminController.php(62): CodeIgniter\Model->insert([...])
 6 SYSTEMPATH\CodeIgniter.php(919): App\Controllers\AdminController->add()
 7 SYSTEMPATH\CodeIgniter.php(494): CodeIgniter\CodeIgniter->runController(Object(App\Controllers\AdminController))
 8 SYSTEMPATH\CodeIgniter.php(353): CodeIgniter\CodeIgniter->handleRequest(null, Object(Config\Cache), false)
 9 FCPATH\index.php(79): CodeIgniter\CodeIgniter->run()
10 SYSTEMPATH\Commands\Server\rewrite.php(47): require_once('C:\\laragon\\www\\ecommerce\\ci4\\public\\index.php')
ERROR - 2023-10-03 15:11:10 --> mysqli_sql_exception: Column 'ProductQuantity' cannot be null in C:\laragon\www\ecommerce\ci4\system\Database\MySQLi\Connection.php:306
Stack trace:
#0 C:\laragon\www\ecommerce\ci4\system\Database\MySQLi\Connection.php(306): mysqli->query('INSERT INTO `ta...', 0)
#1 C:\laragon\www\ecommerce\ci4\system\Database\BaseConnection.php(692): CodeIgniter\Database\MySQLi\Connection->execute('INSERT INTO `ta...')
#2 C:\laragon\www\ecommerce\ci4\system\Database\BaseConnection.php(606): CodeIgniter\Database\BaseConnection->simpleQuery('INSERT INTO `ta...')
#3 C:\laragon\www\ecommerce\ci4\system\Database\BaseBuilder.php(2308): CodeIgniter\Database\BaseConnection->query('INSERT INTO `ta...', Array, false)
#4 C:\laragon\www\ecommerce\ci4\system\Model.php(319): CodeIgniter\Database\BaseBuilder->insert()
#5 C:\laragon\www\ecommerce\ci4\system\BaseModel.php(788): CodeIgniter\Model->doInsert(Array)
#6 C:\laragon\www\ecommerce\ci4\system\Model.php(715): CodeIgniter\BaseModel->insert(Array, true)
#7 C:\laragon\www\ecommerce\ci4\app\Controllers\AdminController.php(62): CodeIgniter\Model->insert(Array)
#8 C:\laragon\www\ecommerce\ci4\system\CodeIgniter.php(919): App\Controllers\AdminController->add()
#9 C:\laragon\www\ecommerce\ci4\system\CodeIgniter.php(494): CodeIgniter\CodeIgniter->runController(Object(App\Controllers\AdminController))
#10 C:\laragon\www\ecommerce\ci4\system\CodeIgniter.php(353): CodeIgniter\CodeIgniter->handleRequest(NULL, Object(Config\Cache), false)
#11 C:\laragon\www\ecommerce\ci4\public\index.php(79): CodeIgniter\CodeIgniter->run()
#12 C:\laragon\www\ecommerce\ci4\system\Commands\Server\rewrite.php(47): require_once('C:\\laragon\\www\\...')
#13 {main}
CRITICAL - 2023-10-03 15:11:10 --> Column 'ProductQuantity' cannot be null
in SYSTEMPATH\Database\BaseConnection.php on line 646.
 1 SYSTEMPATH\Database\BaseBuilder.php(2308): CodeIgniter\Database\BaseConnection->query('INSERT INTO `table_products` (`image`, `ProductName`, `ProductDescription`, `ProductCategory`, `ProductQuantity`, `ProductPrice`) VALUES (:image:, :ProductName:, :ProductDescription:, :ProductCategory:, :ProductQuantity:, :ProductPrice:)', [...], false)
 2 SYSTEMPATH\Model.php(319): CodeIgniter\Database\BaseBuilder->insert()
 3 SYSTEMPATH\BaseModel.php(788): CodeIgniter\Model->doInsert([...])
 4 SYSTEMPATH\Model.php(715): CodeIgniter\BaseModel->insert([...], true)
 5 APPPATH\Controllers\AdminController.php(62): CodeIgniter\Model->insert([...])
 6 SYSTEMPATH\CodeIgniter.php(919): App\Controllers\AdminController->add()
 7 SYSTEMPATH\CodeIgniter.php(494): CodeIgniter\CodeIgniter->runController(Object(App\Controllers\AdminController))
 8 SYSTEMPATH\CodeIgniter.php(353): CodeIgniter\CodeIgniter->handleRequest(null, Object(Config\Cache), false)
 9 FCPATH\index.php(79): CodeIgniter\CodeIgniter->run()
10 SYSTEMPATH\Commands\Server\rewrite.php(47): require_once('C:\\laragon\\www\\ecommerce\\ci4\\public\\index.php')
CRITICAL - 2023-10-03 15:41:32 --> Undefined variable $product
in APPPATH\Views\admininventory\inventory.php on line 104.
 1 APPPATH\Views\admininventory\inventory.php(104): CodeIgniter\Debug\Exceptions->errorHandler(2, 'Undefined variable $product', 'C:\\laragon\\www\\ecommerce\\ci4\\app\\Views\\admininventory\\inventory.php', 104)
 2 SYSTEMPATH\View\View.php(226): include('C:\\laragon\\www\\ecommerce\\ci4\\app\\Views\\admininventory\\inventory.php')
 3 SYSTEMPATH\View\View.php(229): CodeIgniter\View\View->CodeIgniter\View\{closure}()
 4 SYSTEMPATH\View\View.php(467): CodeIgniter\View\View->render('admininventory/inventory', null, true)
 5 APPPATH\Views\admininventory.php(6): CodeIgniter\View\View->include('admininventory/inventory')
 6 SYSTEMPATH\View\View.php(226): include('C:\\laragon\\www\\ecommerce\\ci4\\app\\Views\\admininventory.php')
 7 SYSTEMPATH\View\View.php(229): CodeIgniter\View\View->CodeIgniter\View\{closure}()
 8 SYSTEMPATH\Common.php(1188): CodeIgniter\View\View->render('admininventory', [], true)
 9 APPPATH\Controllers\AdminController.php(38): view('admininventory', [...])
10 SYSTEMPATH\CodeIgniter.php(919): App\Controllers\AdminController->inventory()
11 SYSTEMPATH\CodeIgniter.php(494): CodeIgniter\CodeIgniter->runController(Object(App\Controllers\AdminController))
12 SYSTEMPATH\CodeIgniter.php(353): CodeIgniter\CodeIgniter->handleRequest(null, Object(Config\Cache), false)
13 FCPATH\index.php(79): CodeIgniter\CodeIgniter->run()
14 SYSTEMPATH\Commands\Server\rewrite.php(47): require_once('C:\\laragon\\www\\ecommerce\\ci4\\public\\index.php')
CRITICAL - 2023-10-03 15:41:35 --> Undefined variable $product
in APPPATH\Views\admininventory\inventory.php on line 104.
 1 APPPATH\Views\admininventory\inventory.php(104): CodeIgniter\Debug\Exceptions->errorHandler(2, 'Undefined variable $product', 'C:\\laragon\\www\\ecommerce\\ci4\\app\\Views\\admininventory\\inventory.php', 104)
 2 SYSTEMPATH\View\View.php(226): include('C:\\laragon\\www\\ecommerce\\ci4\\app\\Views\\admininventory\\inventory.php')
 3 SYSTEMPATH\View\View.php(229): CodeIgniter\View\View->CodeIgniter\View\{closure}()
 4 SYSTEMPATH\View\View.php(467): CodeIgniter\View\View->render('admininventory/inventory', null, true)
 5 APPPATH\Views\admininventory.php(6): CodeIgniter\View\View->include('admininventory/inventory')
 6 SYSTEMPATH\View\View.php(226): include('C:\\laragon\\www\\ecommerce\\ci4\\app\\Views\\admininventory.php')
 7 SYSTEMPATH\View\View.php(229): CodeIgniter\View\View->CodeIgniter\View\{closure}()
 8 SYSTEMPATH\Common.php(1188): CodeIgniter\View\View->render('admininventory', [], true)
 9 APPPATH\Controllers\AdminController.php(38): view('admininventory', [...])
10 SYSTEMPATH\CodeIgniter.php(919): App\Controllers\AdminController->inventory()
11 SYSTEMPATH\CodeIgniter.php(494): CodeIgniter\CodeIgniter->runController(Object(App\Controllers\AdminController))
12 SYSTEMPATH\CodeIgniter.php(353): CodeIgniter\CodeIgniter->handleRequest(null, Object(Config\Cache), false)
13 FCPATH\index.php(79): CodeIgniter\CodeIgniter->run()
14 SYSTEMPATH\Commands\Server\rewrite.php(47): require_once('C:\\laragon\\www\\ecommerce\\ci4\\public\\index.php')
CRITICAL - 2023-10-03 16:07:19 --> Call to undefined method App\Models\EcommerceModel::findFirst
in SYSTEMPATH\Model.php on line 873.
 1 APPPATH\Controllers\AdminController.php(69): CodeIgniter\Model->__call('findFirst', [...])
 2 SYSTEMPATH\CodeIgniter.php(919): App\Controllers\AdminController->edit('34')
 3 SYSTEMPATH\CodeIgniter.php(494): CodeIgniter\CodeIgniter->runController(Object(App\Controllers\AdminController))
 4 SYSTEMPATH\CodeIgniter.php(353): CodeIgniter\CodeIgniter->handleRequest(null, Object(Config\Cache), false)
 5 FCPATH\index.php(79): CodeIgniter\CodeIgniter->run()
 6 SYSTEMPATH\Commands\Server\rewrite.php(47): require_once('C:\\laragon\\www\\ecommerce\\ci4\\public\\index.php')
