CRITICAL - 2023-09-27 11:57:53 --> Invalid file: "user/hero.php"
in SYSTEMPATH\Exceptions\FrameworkException.php on line 39.
 1 SYSTEMPATH\View\View.php(214): CodeIgniter\Exceptions\FrameworkException::forInvalidFile('user/hero.php')
 2 SYSTEMPATH\View\View.php(467): CodeIgniter\View\View->render('user/hero', null, true)
 3 APPPATH\Views\welcome_message.php(7): CodeIgniter\View\View->include('user/hero')
 4 SYSTEMPATH\View\View.php(226): include('C:\\laragon\\www\\ecommerce\\ci4\\app\\Views\\welcome_message.php')
 5 SYSTEMPATH\View\View.php(229): CodeIgniter\View\View->CodeIgniter\View\{closure}()
 6 SYSTEMPATH\Common.php(1188): CodeIgniter\View\View->render('welcome_message', [], true)
 7 APPPATH\Controllers\Home.php(9): view('welcome_message')
 8 SYSTEMPATH\CodeIgniter.php(919): App\Controllers\Home->index()
 9 SYSTEMPATH\CodeIgniter.php(494): CodeIgniter\CodeIgniter->runController(Object(App\Controllers\Home))
10 SYSTEMPATH\CodeIgniter.php(353): CodeIgniter\CodeIgniter->handleRequest(null, Object(Config\Cache), false)
11 FCPATH\index.php(79): CodeIgniter\CodeIgniter->run()
12 SYSTEMPATH\Commands\Server\rewrite.php(47): require_once('C:\\laragon\\www\\ecommerce\\ci4\\public\\index.php')
CRITICAL - 2023-09-27 12:00:18 --> Invalid file: "user/canvas.php"
in SYSTEMPATH\Exceptions\FrameworkException.php on line 39.
 1 SYSTEMPATH\View\View.php(214): CodeIgniter\Exceptions\FrameworkException::forInvalidFile('user/canvas.php')
 2 SYSTEMPATH\View\View.php(467): CodeIgniter\View\View->render('user/canvas', null, true)
 3 APPPATH\Views\welcome_message.php(4): CodeIgniter\View\View->include('user/canvas')
 4 SYSTEMPATH\View\View.php(226): include('C:\\laragon\\www\\ecommerce\\ci4\\app\\Views\\welcome_message.php')
 5 SYSTEMPATH\View\View.php(229): CodeIgniter\View\View->CodeIgniter\View\{closure}()
 6 SYSTEMPATH\Common.php(1188): CodeIgniter\View\View->render('welcome_message', [], true)
 7 APPPATH\Controllers\Home.php(9): view('welcome_message')
 8 SYSTEMPATH\CodeIgniter.php(919): App\Controllers\Home->index()
 9 SYSTEMPATH\CodeIgniter.php(494): CodeIgniter\CodeIgniter->runController(Object(App\Controllers\Home))
10 SYSTEMPATH\CodeIgniter.php(353): CodeIgniter\CodeIgniter->handleRequest(null, Object(Config\Cache), false)
11 FCPATH\index.php(79): CodeIgniter\CodeIgniter->run()
12 SYSTEMPATH\Commands\Server\rewrite.php(47): require_once('C:\\laragon\\www\\ecommerce\\ci4\\public\\index.php')
CRITICAL - 2023-09-27 14:36:34 --> Invalid file: "shop.php"
in SYSTEMPATH\Exceptions\FrameworkException.php on line 39.
 1 SYSTEMPATH\View\View.php(214): CodeIgniter\Exceptions\FrameworkException::forInvalidFile('shop.php')
 2 SYSTEMPATH\Common.php(1188): CodeIgniter\View\View->render('shop', [], true)
 3 APPPATH\Controllers\Home.php(12): view('shop')
 4 SYSTEMPATH\CodeIgniter.php(919): App\Controllers\Home->shop()
 5 SYSTEMPATH\CodeIgniter.php(494): CodeIgniter\CodeIgniter->runController(Object(App\Controllers\Home))
 6 SYSTEMPATH\CodeIgniter.php(353): CodeIgniter\CodeIgniter->handleRequest(null, Object(Config\Cache), false)
 7 FCPATH\index.php(79): CodeIgniter\CodeIgniter->run()
 8 SYSTEMPATH\Commands\Server\rewrite.php(47): require_once('C:\\laragon\\www\\ecommerce\\ci4\\public\\index.php')
CRITICAL - 2023-09-27 15:02:23 --> Invalid file: "user/shop.php"
in SYSTEMPATH\Exceptions\FrameworkException.php on line 39.
 1 SYSTEMPATH\View\View.php(214): CodeIgniter\Exceptions\FrameworkException::forInvalidFile('user/shop.php')
 2 SYSTEMPATH\Common.php(1188): CodeIgniter\View\View->render('user/shop', [], true)
 3 APPPATH\Controllers\Home.php(12): view('user/shop')
 4 SYSTEMPATH\CodeIgniter.php(919): App\Controllers\Home->shop()
 5 SYSTEMPATH\CodeIgniter.php(494): CodeIgniter\CodeIgniter->runController(Object(App\Controllers\Home))
 6 SYSTEMPATH\CodeIgniter.php(353): CodeIgniter\CodeIgniter->handleRequest(null, Object(Config\Cache), false)
 7 FCPATH\index.php(79): CodeIgniter\CodeIgniter->run()
 8 SYSTEMPATH\Commands\Server\rewrite.php(47): require_once('C:\\laragon\\www\\ecommerce\\ci4\\public\\index.php')
CRITICAL - 2023-09-27 15:03:48 --> Invalid file: "user/shop.php"
in SYSTEMPATH\Exceptions\FrameworkException.php on line 39.
 1 SYSTEMPATH\View\View.php(214): CodeIgniter\Exceptions\FrameworkException::forInvalidFile('user/shop.php')
 2 SYSTEMPATH\Common.php(1188): CodeIgniter\View\View->render('user/shop', [], true)
 3 APPPATH\Controllers\Home.php(12): view('user/shop')
 4 SYSTEMPATH\CodeIgniter.php(919): App\Controllers\Home->shop()
 5 SYSTEMPATH\CodeIgniter.php(494): CodeIgniter\CodeIgniter->runController(Object(App\Controllers\Home))
 6 SYSTEMPATH\CodeIgniter.php(353): CodeIgniter\CodeIgniter->handleRequest(null, Object(Config\Cache), false)
 7 FCPATH\index.php(79): CodeIgniter\CodeIgniter->run()
 8 SYSTEMPATH\Commands\Server\rewrite.php(47): require_once('C:\\laragon\\www\\ecommerce\\ci4\\public\\index.php')
