CRITICAL - 2023-09-28 05:48:05 --> Invalid file: "shoppage/shop.php"
in SYSTEMPATH\Exceptions\FrameworkException.php on line 39.
 1 SYSTEMPATH\View\View.php(214): CodeIgniter\Exceptions\FrameworkException::forInvalidFile('shoppage/shop.php')
 2 SYSTEMPATH\Common.php(1188): CodeIgniter\View\View->render('shoppage/shop', [], true)
 3 APPPATH\Controllers\Home.php(12): view('shoppage/shop')
 4 SYSTEMPATH\CodeIgniter.php(919): App\Controllers\Home->shop()
 5 SYSTEMPATH\CodeIgniter.php(494): CodeIgniter\CodeIgniter->runController(Object(App\Controllers\Home))
 6 SYSTEMPATH\CodeIgniter.php(353): CodeIgniter\CodeIgniter->handleRequest(null, Object(Config\Cache), false)
 7 FCPATH\index.php(79): CodeIgniter\CodeIgniter->run()
 8 SYSTEMPATH\Commands\Server\rewrite.php(47): require_once('C:\\laragon\\www\\ecommerce\\ci4\\public\\index.php')
CRITICAL - 2023-09-28 05:48:34 --> Invalid file: "shoppage/shop.php"
in SYSTEMPATH\Exceptions\FrameworkException.php on line 39.
 1 SYSTEMPATH\View\View.php(214): CodeIgniter\Exceptions\FrameworkException::forInvalidFile('shoppage/shop.php')
 2 SYSTEMPATH\Common.php(1188): CodeIgniter\View\View->render('shoppage/shop', [], true)
 3 APPPATH\Controllers\Home.php(12): view('shoppage/shop')
 4 SYSTEMPATH\CodeIgniter.php(919): App\Controllers\Home->shop()
 5 SYSTEMPATH\CodeIgniter.php(494): CodeIgniter\CodeIgniter->runController(Object(App\Controllers\Home))
 6 SYSTEMPATH\CodeIgniter.php(353): CodeIgniter\CodeIgniter->handleRequest(null, Object(Config\Cache), false)
 7 FCPATH\index.php(79): CodeIgniter\CodeIgniter->run()
 8 SYSTEMPATH\Commands\Server\rewrite.php(47): require_once('C:\\laragon\\www\\ecommerce\\ci4\\public\\index.php')
CRITICAL - 2023-09-28 05:48:35 --> Invalid file: "shoppage/shop.php"
in SYSTEMPATH\Exceptions\FrameworkException.php on line 39.
 1 SYSTEMPATH\View\View.php(214): CodeIgniter\Exceptions\FrameworkException::forInvalidFile('shoppage/shop.php')
 2 SYSTEMPATH\Common.php(1188): CodeIgniter\View\View->render('shoppage/shop', [], true)
 3 APPPATH\Controllers\Home.php(12): view('shoppage/shop')
 4 SYSTEMPATH\CodeIgniter.php(919): App\Controllers\Home->shop()
 5 SYSTEMPATH\CodeIgniter.php(494): CodeIgniter\CodeIgniter->runController(Object(App\Controllers\Home))
 6 SYSTEMPATH\CodeIgniter.php(353): CodeIgniter\CodeIgniter->handleRequest(null, Object(Config\Cache), false)
 7 FCPATH\index.php(79): CodeIgniter\CodeIgniter->run()
 8 SYSTEMPATH\Commands\Server\rewrite.php(47): require_once('C:\\laragon\\www\\ecommerce\\ci4\\public\\index.php')
CRITICAL - 2023-09-28 05:48:38 --> Invalid file: "shoppage/shop.php"
in SYSTEMPATH\Exceptions\FrameworkException.php on line 39.
 1 SYSTEMPATH\View\View.php(214): CodeIgniter\Exceptions\FrameworkException::forInvalidFile('shoppage/shop.php')
 2 SYSTEMPATH\Common.php(1188): CodeIgniter\View\View->render('shoppage/shop', [], true)
 3 APPPATH\Controllers\Home.php(12): view('shoppage/shop')
 4 SYSTEMPATH\CodeIgniter.php(919): App\Controllers\Home->shop()
 5 SYSTEMPATH\CodeIgniter.php(494): CodeIgniter\CodeIgniter->runController(Object(App\Controllers\Home))
 6 SYSTEMPATH\CodeIgniter.php(353): CodeIgniter\CodeIgniter->handleRequest(null, Object(Config\Cache), false)
 7 FCPATH\index.php(79): CodeIgniter\CodeIgniter->run()
 8 SYSTEMPATH\Commands\Server\rewrite.php(47): require_once('C:\\laragon\\www\\ecommerce\\ci4\\public\\index.php')
CRITICAL - 2023-09-28 05:49:18 --> Invalid file: "shoppage/shop.php"
in SYSTEMPATH\Exceptions\FrameworkException.php on line 39.
 1 SYSTEMPATH\View\View.php(214): CodeIgniter\Exceptions\FrameworkException::forInvalidFile('shoppage/shop.php')
 2 SYSTEMPATH\Common.php(1188): CodeIgniter\View\View->render('shoppage/shop', [], true)
 3 APPPATH\Controllers\Home.php(12): view('shoppage/shop')
 4 SYSTEMPATH\CodeIgniter.php(919): App\Controllers\Home->shop()
 5 SYSTEMPATH\CodeIgniter.php(494): CodeIgniter\CodeIgniter->runController(Object(App\Controllers\Home))
 6 SYSTEMPATH\CodeIgniter.php(353): CodeIgniter\CodeIgniter->handleRequest(null, Object(Config\Cache), false)
 7 FCPATH\index.php(79): CodeIgniter\CodeIgniter->run()
 8 SYSTEMPATH\Commands\Server\rewrite.php(47): require_once('C:\\laragon\\www\\ecommerce\\ci4\\public\\index.php')
CRITICAL - 2023-09-28 05:49:35 --> Invalid file: "shop.php"
in SYSTEMPATH\Exceptions\FrameworkException.php on line 39.
 1 SYSTEMPATH\View\View.php(214): CodeIgniter\Exceptions\FrameworkException::forInvalidFile('shop.php')
 2 SYSTEMPATH\Common.php(1188): CodeIgniter\View\View->render('shop', [], true)
 3 APPPATH\Controllers\Home.php(12): view('shop')
 4 SYSTEMPATH\CodeIgniter.php(919): App\Controllers\Home->shop()
 5 SYSTEMPATH\CodeIgniter.php(494): CodeIgniter\CodeIgniter->runController(Object(App\Controllers\Home))
 6 SYSTEMPATH\CodeIgniter.php(353): CodeIgniter\CodeIgniter->handleRequest(null, Object(Config\Cache), false)
 7 FCPATH\index.php(79): CodeIgniter\CodeIgniter->run()
 8 SYSTEMPATH\Commands\Server\rewrite.php(47): require_once('C:\\laragon\\www\\ecommerce\\ci4\\public\\index.php')
CRITICAL - 2023-09-28 05:49:41 --> Invalid file: "shop.php"
in SYSTEMPATH\Exceptions\FrameworkException.php on line 39.
 1 SYSTEMPATH\View\View.php(214): CodeIgniter\Exceptions\FrameworkException::forInvalidFile('shop.php')
 2 SYSTEMPATH\Common.php(1188): CodeIgniter\View\View->render('shop', [], true)
 3 APPPATH\Controllers\Home.php(12): view('shop')
 4 SYSTEMPATH\CodeIgniter.php(919): App\Controllers\Home->shop()
 5 SYSTEMPATH\CodeIgniter.php(494): CodeIgniter\CodeIgniter->runController(Object(App\Controllers\Home))
 6 SYSTEMPATH\CodeIgniter.php(353): CodeIgniter\CodeIgniter->handleRequest(null, Object(Config\Cache), false)
 7 FCPATH\index.php(79): CodeIgniter\CodeIgniter->run()
 8 SYSTEMPATH\Commands\Server\rewrite.php(47): require_once('C:\\laragon\\www\\ecommerce\\ci4\\public\\index.php')
CRITICAL - 2023-09-28 05:50:23 --> Invalid file: "shop.php"
in SYSTEMPATH\Exceptions\FrameworkException.php on line 39.
 1 SYSTEMPATH\View\View.php(214): CodeIgniter\Exceptions\FrameworkException::forInvalidFile('shop.php')
 2 SYSTEMPATH\Common.php(1188): CodeIgniter\View\View->render('shop', [], true)
 3 APPPATH\Controllers\Home.php(12): view('shop')
 4 SYSTEMPATH\CodeIgniter.php(919): App\Controllers\Home->shop()
 5 SYSTEMPATH\CodeIgniter.php(494): CodeIgniter\CodeIgniter->runController(Object(App\Controllers\Home))
 6 SYSTEMPATH\CodeIgniter.php(353): CodeIgniter\CodeIgniter->handleRequest(null, Object(Config\Cache), false)
 7 FCPATH\index.php(79): CodeIgniter\CodeIgniter->run()
 8 SYSTEMPATH\Commands\Server\rewrite.php(47): require_once('C:\\laragon\\www\\ecommerce\\ci4\\public\\index.php')
CRITICAL - 2023-09-28 05:50:59 --> Invalid file: "shop.php"
in SYSTEMPATH\Exceptions\FrameworkException.php on line 39.
 1 SYSTEMPATH\View\View.php(214): CodeIgniter\Exceptions\FrameworkException::forInvalidFile('shop.php')
 2 SYSTEMPATH\Common.php(1188): CodeIgniter\View\View->render('shop', [], true)
 3 APPPATH\Controllers\Home.php(12): view('shop')
 4 SYSTEMPATH\CodeIgniter.php(919): App\Controllers\Home->shop()
 5 SYSTEMPATH\CodeIgniter.php(494): CodeIgniter\CodeIgniter->runController(Object(App\Controllers\Home))
 6 SYSTEMPATH\CodeIgniter.php(353): CodeIgniter\CodeIgniter->handleRequest(null, Object(Config\Cache), false)
 7 FCPATH\index.php(79): CodeIgniter\CodeIgniter->run()
 8 SYSTEMPATH\Commands\Server\rewrite.php(47): require_once('C:\\laragon\\www\\ecommerce\\ci4\\public\\index.php')
CRITICAL - 2023-09-28 05:52:22 --> Invalid file: "shop.php"
in SYSTEMPATH\Exceptions\FrameworkException.php on line 39.
 1 SYSTEMPATH\View\View.php(214): CodeIgniter\Exceptions\FrameworkException::forInvalidFile('shop.php')
 2 SYSTEMPATH\Common.php(1188): CodeIgniter\View\View->render('shop', [], true)
 3 APPPATH\Controllers\Home.php(12): view('shop')
 4 SYSTEMPATH\CodeIgniter.php(919): App\Controllers\Home->shop()
 5 SYSTEMPATH\CodeIgniter.php(494): CodeIgniter\CodeIgniter->runController(Object(App\Controllers\Home))
 6 SYSTEMPATH\CodeIgniter.php(353): CodeIgniter\CodeIgniter->handleRequest(null, Object(Config\Cache), false)
 7 FCPATH\index.php(79): CodeIgniter\CodeIgniter->run()
 8 SYSTEMPATH\Commands\Server\rewrite.php(47): require_once('C:\\laragon\\www\\ecommerce\\ci4\\public\\index.php')
CRITICAL - 2023-09-28 05:53:15 --> Invalid file: "shop.php"
in SYSTEMPATH\Exceptions\FrameworkException.php on line 39.
 1 SYSTEMPATH\View\View.php(214): CodeIgniter\Exceptions\FrameworkException::forInvalidFile('shop.php')
 2 SYSTEMPATH\Common.php(1188): CodeIgniter\View\View->render('shop', [], true)
 3 APPPATH\Controllers\Home.php(12): view('shop')
 4 SYSTEMPATH\CodeIgniter.php(919): App\Controllers\Home->shop()
 5 SYSTEMPATH\CodeIgniter.php(494): CodeIgniter\CodeIgniter->runController(Object(App\Controllers\Home))
 6 SYSTEMPATH\CodeIgniter.php(353): CodeIgniter\CodeIgniter->handleRequest(null, Object(Config\Cache), false)
 7 FCPATH\index.php(79): CodeIgniter\CodeIgniter->run()
 8 SYSTEMPATH\Commands\Server\rewrite.php(47): require_once('C:\\laragon\\www\\ecommerce\\ci4\\public\\index.php')
CRITICAL - 2023-09-28 05:53:43 --> Invalid file: "/shop.php"
in SYSTEMPATH\Exceptions\FrameworkException.php on line 39.
 1 SYSTEMPATH\View\View.php(214): CodeIgniter\Exceptions\FrameworkException::forInvalidFile('/shop.php')
 2 SYSTEMPATH\Common.php(1188): CodeIgniter\View\View->render('/shop', [], true)
 3 APPPATH\Controllers\Home.php(12): view('/shop')
 4 SYSTEMPATH\CodeIgniter.php(919): App\Controllers\Home->shop()
 5 SYSTEMPATH\CodeIgniter.php(494): CodeIgniter\CodeIgniter->runController(Object(App\Controllers\Home))
 6 SYSTEMPATH\CodeIgniter.php(353): CodeIgniter\CodeIgniter->handleRequest(null, Object(Config\Cache), false)
 7 FCPATH\index.php(79): CodeIgniter\CodeIgniter->run()
 8 SYSTEMPATH\Commands\Server\rewrite.php(47): require_once('C:\\laragon\\www\\ecommerce\\ci4\\public\\index.php')
CRITICAL - 2023-09-28 10:16:39 --> Invalid file: "user/shop.php"
in SYSTEMPATH\Exceptions\FrameworkException.php on line 39.
 1 SYSTEMPATH\View\View.php(214): CodeIgniter\Exceptions\FrameworkException::forInvalidFile('user/shop.php')
 2 SYSTEMPATH\Common.php(1188): CodeIgniter\View\View->render('user/shop', [], true)
 3 APPPATH\Controllers\Home.php(12): view('user/shop')
 4 SYSTEMPATH\CodeIgniter.php(919): App\Controllers\Home->shop()
 5 SYSTEMPATH\CodeIgniter.php(494): CodeIgniter\CodeIgniter->runController(Object(App\Controllers\Home))
 6 SYSTEMPATH\CodeIgniter.php(353): CodeIgniter\CodeIgniter->handleRequest(null, Object(Config\Cache), false)
 7 FCPATH\index.php(79): CodeIgniter\CodeIgniter->run()
 8 SYSTEMPATH\Commands\Server\rewrite.php(47): require_once('C:\\laragon\\www\\ecommerce\\ci4\\public\\index.php')
CRITICAL - 2023-09-28 10:21:23 --> Invalid file: "shop/nav.php"
in SYSTEMPATH\Exceptions\FrameworkException.php on line 39.
 1 SYSTEMPATH\View\View.php(214): CodeIgniter\Exceptions\FrameworkException::forInvalidFile('shop/nav.php')
 2 SYSTEMPATH\View\View.php(467): CodeIgniter\View\View->render('shop/nav', null, true)
 3 APPPATH\Views\welcome_message.php(15): CodeIgniter\View\View->include('shop/nav')
 4 SYSTEMPATH\View\View.php(226): include('C:\\laragon\\www\\ecommerce\\ci4\\app\\Views\\welcome_message.php')
 5 SYSTEMPATH\View\View.php(229): CodeIgniter\View\View->CodeIgniter\View\{closure}()
 6 SYSTEMPATH\Common.php(1188): CodeIgniter\View\View->render('welcome_message', [], true)
 7 APPPATH\Controllers\Home.php(9): view('welcome_message')
 8 SYSTEMPATH\CodeIgniter.php(919): App\Controllers\Home->index()
 9 SYSTEMPATH\CodeIgniter.php(494): CodeIgniter\CodeIgniter->runController(Object(App\Controllers\Home))
10 SYSTEMPATH\CodeIgniter.php(353): CodeIgniter\CodeIgniter->handleRequest(null, Object(Config\Cache), false)
11 FCPATH\index.php(79): CodeIgniter\CodeIgniter->run()
12 SYSTEMPATH\Commands\Server\rewrite.php(47): require_once('C:\\laragon\\www\\ecommerce\\ci4\\public\\index.php')
CRITICAL - 2023-09-28 10:23:17 --> Invalid file: "shop/shop.php"
in SYSTEMPATH\Exceptions\FrameworkException.php on line 39.
 1 SYSTEMPATH\View\View.php(214): CodeIgniter\Exceptions\FrameworkException::forInvalidFile('shop/shop.php')
 2 SYSTEMPATH\Common.php(1188): CodeIgniter\View\View->render('shop/shop', [], true)
 3 APPPATH\Controllers\Home.php(12): view('shop/shop')
 4 SYSTEMPATH\CodeIgniter.php(919): App\Controllers\Home->shop()
 5 SYSTEMPATH\CodeIgniter.php(494): CodeIgniter\CodeIgniter->runController(Object(App\Controllers\Home))
 6 SYSTEMPATH\CodeIgniter.php(353): CodeIgniter\CodeIgniter->handleRequest(null, Object(Config\Cache), false)
 7 FCPATH\index.php(79): CodeIgniter\CodeIgniter->run()
 8 SYSTEMPATH\Commands\Server\rewrite.php(47): require_once('C:\\laragon\\www\\ecommerce\\ci4\\public\\index.php')
CRITICAL - 2023-09-28 13:21:05 --> Invalid file: "contact/contact.php"
in SYSTEMPATH\Exceptions\FrameworkException.php on line 39.
 1 SYSTEMPATH\View\View.php(214): CodeIgniter\Exceptions\FrameworkException::forInvalidFile('contact/contact.php')
 2 SYSTEMPATH\View\View.php(467): CodeIgniter\View\View->render('contact/contact', null, true)
 3 APPPATH\Views\forcontact.php(5): CodeIgniter\View\View->include('contact/contact')
 4 SYSTEMPATH\View\View.php(226): include('C:\\laragon\\www\\ecommerce\\ci4\\app\\Views\\forcontact.php')
 5 SYSTEMPATH\View\View.php(229): CodeIgniter\View\View->CodeIgniter\View\{closure}()
 6 SYSTEMPATH\Common.php(1188): CodeIgniter\View\View->render('forcontact', [], true)
 7 APPPATH\Controllers\Home.php(21): view('forcontact')
 8 SYSTEMPATH\CodeIgniter.php(919): App\Controllers\Home->contact()
 9 SYSTEMPATH\CodeIgniter.php(494): CodeIgniter\CodeIgniter->runController(Object(App\Controllers\Home))
10 SYSTEMPATH\CodeIgniter.php(353): CodeIgniter\CodeIgniter->handleRequest(null, Object(Config\Cache), false)
11 FCPATH\index.php(79): CodeIgniter\CodeIgniter->run()
12 SYSTEMPATH\Commands\Server\rewrite.php(47): require_once('C:\\laragon\\www\\ecommerce\\ci4\\public\\index.php')
ERROR - 2023-09-28 14:10:26 --> mysqli_sql_exception: Table 'products.product' doesn't exist in C:\laragon\www\ecommerce\ci4\system\Database\MySQLi\Connection.php:306
Stack trace:
#0 C:\laragon\www\ecommerce\ci4\system\Database\MySQLi\Connection.php(306): mysqli->query('SELECT *\nFROM `...', 0)
#1 C:\laragon\www\ecommerce\ci4\system\Database\BaseConnection.php(692): CodeIgniter\Database\MySQLi\Connection->execute('SELECT *\nFROM `...')
#2 C:\laragon\www\ecommerce\ci4\system\Database\BaseConnection.php(606): CodeIgniter\Database\BaseConnection->simpleQuery('SELECT *\nFROM `...')
#3 C:\laragon\www\ecommerce\ci4\system\Database\BaseBuilder.php(1615): CodeIgniter\Database\BaseConnection->query('SELECT *\nFROM `...', Array, false)
#4 C:\laragon\www\ecommerce\ci4\system\Model.php(237): CodeIgniter\Database\BaseBuilder->get()
#5 C:\laragon\www\ecommerce\ci4\system\BaseModel.php(624): CodeIgniter\Model->doFindAll(0, 0)
#6 C:\laragon\www\ecommerce\ci4\app\Controllers\Home.php(14): CodeIgniter\BaseModel->findAll()
#7 C:\laragon\www\ecommerce\ci4\system\CodeIgniter.php(919): App\Controllers\Home->shop()
#8 C:\laragon\www\ecommerce\ci4\system\CodeIgniter.php(494): CodeIgniter\CodeIgniter->runController(Object(App\Controllers\Home))
#9 C:\laragon\www\ecommerce\ci4\system\CodeIgniter.php(353): CodeIgniter\CodeIgniter->handleRequest(NULL, Object(Config\Cache), false)
#10 C:\laragon\www\ecommerce\ci4\public\index.php(79): CodeIgniter\CodeIgniter->run()
#11 C:\laragon\www\ecommerce\ci4\system\Commands\Server\rewrite.php(47): require_once('C:\\laragon\\www\\...')
#12 {main}
CRITICAL - 2023-09-28 14:10:26 --> Table 'products.product' doesn't exist
in SYSTEMPATH\Database\BaseConnection.php on line 646.
 1 SYSTEMPATH\Database\BaseBuilder.php(1615): CodeIgniter\Database\BaseConnection->query('SELECT *
FROM `product`', [], false)
 2 SYSTEMPATH\Model.php(237): CodeIgniter\Database\BaseBuilder->get()
 3 SYSTEMPATH\BaseModel.php(624): CodeIgniter\Model->doFindAll(0, 0)
 4 APPPATH\Controllers\Home.php(14): CodeIgniter\BaseModel->findAll()
 5 SYSTEMPATH\CodeIgniter.php(919): App\Controllers\Home->shop()
 6 SYSTEMPATH\CodeIgniter.php(494): CodeIgniter\CodeIgniter->runController(Object(App\Controllers\Home))
 7 SYSTEMPATH\CodeIgniter.php(353): CodeIgniter\CodeIgniter->handleRequest(null, Object(Config\Cache), false)
 8 FCPATH\index.php(79): CodeIgniter\CodeIgniter->run()
 9 SYSTEMPATH\Commands\Server\rewrite.php(47): require_once('C:\\laragon\\www\\ecommerce\\ci4\\public\\index.php')
CRITICAL - 2023-09-28 14:11:52 --> Undefined array key "Image"
in APPPATH\Views\shop\shop.php on line 143.
 1 APPPATH\Views\shop\shop.php(143): CodeIgniter\Debug\Exceptions->errorHandler(2, 'Undefined array key "Image"', 'C:\\laragon\\www\\ecommerce\\ci4\\app\\Views\\shop\\shop.php', 143)
 2 SYSTEMPATH\View\View.php(226): include('C:\\laragon\\www\\ecommerce\\ci4\\app\\Views\\shop\\shop.php')
 3 SYSTEMPATH\View\View.php(229): CodeIgniter\View\View->CodeIgniter\View\{closure}()
 4 SYSTEMPATH\View\View.php(467): CodeIgniter\View\View->render('shop/shop', null, true)
 5 APPPATH\Views\forshop.php(5): CodeIgniter\View\View->include('shop/shop')
 6 SYSTEMPATH\View\View.php(226): include('C:\\laragon\\www\\ecommerce\\ci4\\app\\Views\\forshop.php')
 7 SYSTEMPATH\View\View.php(229): CodeIgniter\View\View->CodeIgniter\View\{closure}()
 8 SYSTEMPATH\Common.php(1188): CodeIgniter\View\View->render('forshop', [], true)
 9 APPPATH\Controllers\Home.php(17): view('forshop', [...])
10 SYSTEMPATH\CodeIgniter.php(919): App\Controllers\Home->shop()
11 SYSTEMPATH\CodeIgniter.php(494): CodeIgniter\CodeIgniter->runController(Object(App\Controllers\Home))
12 SYSTEMPATH\CodeIgniter.php(353): CodeIgniter\CodeIgniter->handleRequest(null, Object(Config\Cache), false)
13 FCPATH\index.php(79): CodeIgniter\CodeIgniter->run()
14 SYSTEMPATH\Commands\Server\rewrite.php(47): require_once('C:\\laragon\\www\\ecommerce\\ci4\\public\\index.php')
CRITICAL - 2023-09-28 14:12:26 --> Undefined array key "Image"
in APPPATH\Views\shop\shop.php on line 143.
 1 APPPATH\Views\shop\shop.php(143): CodeIgniter\Debug\Exceptions->errorHandler(2, 'Undefined array key "Image"', 'C:\\laragon\\www\\ecommerce\\ci4\\app\\Views\\shop\\shop.php', 143)
 2 SYSTEMPATH\View\View.php(226): include('C:\\laragon\\www\\ecommerce\\ci4\\app\\Views\\shop\\shop.php')
 3 SYSTEMPATH\View\View.php(229): CodeIgniter\View\View->CodeIgniter\View\{closure}()
 4 SYSTEMPATH\View\View.php(467): CodeIgniter\View\View->render('shop/shop', null, true)
 5 APPPATH\Views\forshop.php(5): CodeIgniter\View\View->include('shop/shop')
 6 SYSTEMPATH\View\View.php(226): include('C:\\laragon\\www\\ecommerce\\ci4\\app\\Views\\forshop.php')
 7 SYSTEMPATH\View\View.php(229): CodeIgniter\View\View->CodeIgniter\View\{closure}()
 8 SYSTEMPATH\Common.php(1188): CodeIgniter\View\View->render('forshop', [], true)
 9 APPPATH\Controllers\Home.php(17): view('forshop', [...])
10 SYSTEMPATH\CodeIgniter.php(919): App\Controllers\Home->shop()
11 SYSTEMPATH\CodeIgniter.php(494): CodeIgniter\CodeIgniter->runController(Object(App\Controllers\Home))
12 SYSTEMPATH\CodeIgniter.php(353): CodeIgniter\CodeIgniter->handleRequest(null, Object(Config\Cache), false)
13 FCPATH\index.php(79): CodeIgniter\CodeIgniter->run()
14 SYSTEMPATH\Commands\Server\rewrite.php(47): require_once('C:\\laragon\\www\\ecommerce\\ci4\\public\\index.php')
CRITICAL - 2023-09-28 14:12:27 --> Undefined array key "Image"
in APPPATH\Views\shop\shop.php on line 143.
 1 APPPATH\Views\shop\shop.php(143): CodeIgniter\Debug\Exceptions->errorHandler(2, 'Undefined array key "Image"', 'C:\\laragon\\www\\ecommerce\\ci4\\app\\Views\\shop\\shop.php', 143)
 2 SYSTEMPATH\View\View.php(226): include('C:\\laragon\\www\\ecommerce\\ci4\\app\\Views\\shop\\shop.php')
 3 SYSTEMPATH\View\View.php(229): CodeIgniter\View\View->CodeIgniter\View\{closure}()
 4 SYSTEMPATH\View\View.php(467): CodeIgniter\View\View->render('shop/shop', null, true)
 5 APPPATH\Views\forshop.php(5): CodeIgniter\View\View->include('shop/shop')
 6 SYSTEMPATH\View\View.php(226): include('C:\\laragon\\www\\ecommerce\\ci4\\app\\Views\\forshop.php')
 7 SYSTEMPATH\View\View.php(229): CodeIgniter\View\View->CodeIgniter\View\{closure}()
 8 SYSTEMPATH\Common.php(1188): CodeIgniter\View\View->render('forshop', [], true)
 9 APPPATH\Controllers\Home.php(17): view('forshop', [...])
10 SYSTEMPATH\CodeIgniter.php(919): App\Controllers\Home->shop()
11 SYSTEMPATH\CodeIgniter.php(494): CodeIgniter\CodeIgniter->runController(Object(App\Controllers\Home))
12 SYSTEMPATH\CodeIgniter.php(353): CodeIgniter\CodeIgniter->handleRequest(null, Object(Config\Cache), false)
13 FCPATH\index.php(79): CodeIgniter\CodeIgniter->run()
14 SYSTEMPATH\Commands\Server\rewrite.php(47): require_once('C:\\laragon\\www\\ecommerce\\ci4\\public\\index.php')
CRITICAL - 2023-09-28 14:12:28 --> Undefined array key "Image"
in APPPATH\Views\shop\shop.php on line 143.
 1 APPPATH\Views\shop\shop.php(143): CodeIgniter\Debug\Exceptions->errorHandler(2, 'Undefined array key "Image"', 'C:\\laragon\\www\\ecommerce\\ci4\\app\\Views\\shop\\shop.php', 143)
 2 SYSTEMPATH\View\View.php(226): include('C:\\laragon\\www\\ecommerce\\ci4\\app\\Views\\shop\\shop.php')
 3 SYSTEMPATH\View\View.php(229): CodeIgniter\View\View->CodeIgniter\View\{closure}()
 4 SYSTEMPATH\View\View.php(467): CodeIgniter\View\View->render('shop/shop', null, true)
 5 APPPATH\Views\forshop.php(5): CodeIgniter\View\View->include('shop/shop')
 6 SYSTEMPATH\View\View.php(226): include('C:\\laragon\\www\\ecommerce\\ci4\\app\\Views\\forshop.php')
 7 SYSTEMPATH\View\View.php(229): CodeIgniter\View\View->CodeIgniter\View\{closure}()
 8 SYSTEMPATH\Common.php(1188): CodeIgniter\View\View->render('forshop', [], true)
 9 APPPATH\Controllers\Home.php(17): view('forshop', [...])
10 SYSTEMPATH\CodeIgniter.php(919): App\Controllers\Home->shop()
11 SYSTEMPATH\CodeIgniter.php(494): CodeIgniter\CodeIgniter->runController(Object(App\Controllers\Home))
12 SYSTEMPATH\CodeIgniter.php(353): CodeIgniter\CodeIgniter->handleRequest(null, Object(Config\Cache), false)
13 FCPATH\index.php(79): CodeIgniter\CodeIgniter->run()
14 SYSTEMPATH\Commands\Server\rewrite.php(47): require_once('C:\\laragon\\www\\ecommerce\\ci4\\public\\index.php')
CRITICAL - 2023-09-28 14:12:28 --> Undefined array key "Image"
in APPPATH\Views\shop\shop.php on line 143.
 1 APPPATH\Views\shop\shop.php(143): CodeIgniter\Debug\Exceptions->errorHandler(2, 'Undefined array key "Image"', 'C:\\laragon\\www\\ecommerce\\ci4\\app\\Views\\shop\\shop.php', 143)
 2 SYSTEMPATH\View\View.php(226): include('C:\\laragon\\www\\ecommerce\\ci4\\app\\Views\\shop\\shop.php')
 3 SYSTEMPATH\View\View.php(229): CodeIgniter\View\View->CodeIgniter\View\{closure}()
 4 SYSTEMPATH\View\View.php(467): CodeIgniter\View\View->render('shop/shop', null, true)
 5 APPPATH\Views\forshop.php(5): CodeIgniter\View\View->include('shop/shop')
 6 SYSTEMPATH\View\View.php(226): include('C:\\laragon\\www\\ecommerce\\ci4\\app\\Views\\forshop.php')
 7 SYSTEMPATH\View\View.php(229): CodeIgniter\View\View->CodeIgniter\View\{closure}()
 8 SYSTEMPATH\Common.php(1188): CodeIgniter\View\View->render('forshop', [], true)
 9 APPPATH\Controllers\Home.php(17): view('forshop', [...])
10 SYSTEMPATH\CodeIgniter.php(919): App\Controllers\Home->shop()
11 SYSTEMPATH\CodeIgniter.php(494): CodeIgniter\CodeIgniter->runController(Object(App\Controllers\Home))
12 SYSTEMPATH\CodeIgniter.php(353): CodeIgniter\CodeIgniter->handleRequest(null, Object(Config\Cache), false)
13 FCPATH\index.php(79): CodeIgniter\CodeIgniter->run()
14 SYSTEMPATH\Commands\Server\rewrite.php(47): require_once('C:\\laragon\\www\\ecommerce\\ci4\\public\\index.php')
CRITICAL - 2023-09-28 14:14:09 --> Undefined array key "Image"
in APPPATH\Views\shop\shop.php on line 143.
 1 APPPATH\Views\shop\shop.php(143): CodeIgniter\Debug\Exceptions->errorHandler(2, 'Undefined array key "Image"', 'C:\\laragon\\www\\ecommerce\\ci4\\app\\Views\\shop\\shop.php', 143)
 2 SYSTEMPATH\View\View.php(226): include('C:\\laragon\\www\\ecommerce\\ci4\\app\\Views\\shop\\shop.php')
 3 SYSTEMPATH\View\View.php(229): CodeIgniter\View\View->CodeIgniter\View\{closure}()
 4 SYSTEMPATH\View\View.php(467): CodeIgniter\View\View->render('shop/shop', null, true)
 5 APPPATH\Views\forshop.php(5): CodeIgniter\View\View->include('shop/shop')
 6 SYSTEMPATH\View\View.php(226): include('C:\\laragon\\www\\ecommerce\\ci4\\app\\Views\\forshop.php')
 7 SYSTEMPATH\View\View.php(229): CodeIgniter\View\View->CodeIgniter\View\{closure}()
 8 SYSTEMPATH\Common.php(1188): CodeIgniter\View\View->render('forshop', [], true)
 9 APPPATH\Controllers\Home.php(17): view('forshop', [...])
10 SYSTEMPATH\CodeIgniter.php(919): App\Controllers\Home->shop()
11 SYSTEMPATH\CodeIgniter.php(494): CodeIgniter\CodeIgniter->runController(Object(App\Controllers\Home))
12 SYSTEMPATH\CodeIgniter.php(353): CodeIgniter\CodeIgniter->handleRequest(null, Object(Config\Cache), false)
13 FCPATH\index.php(79): CodeIgniter\CodeIgniter->run()
14 SYSTEMPATH\Commands\Server\rewrite.php(47): require_once('C:\\laragon\\www\\ecommerce\\ci4\\public\\index.php')
CRITICAL - 2023-09-28 14:17:36 --> Undefined variable $products
in APPPATH\Controllers\Home.php on line 16.
 1 APPPATH\Controllers\Home.php(16): CodeIgniter\Debug\Exceptions->errorHandler(2, 'Undefined variable $products', 'C:\\laragon\\www\\ecommerce\\ci4\\app\\Controllers\\Home.php', 16)
 2 SYSTEMPATH\CodeIgniter.php(919): App\Controllers\Home->shop()
 3 SYSTEMPATH\CodeIgniter.php(494): CodeIgniter\CodeIgniter->runController(Object(App\Controllers\Home))
 4 SYSTEMPATH\CodeIgniter.php(353): CodeIgniter\CodeIgniter->handleRequest(null, Object(Config\Cache), false)
 5 FCPATH\index.php(79): CodeIgniter\CodeIgniter->run()
 6 SYSTEMPATH\Commands\Server\rewrite.php(47): require_once('C:\\laragon\\www\\ecommerce\\ci4\\public\\index.php')
CRITICAL - 2023-09-28 14:17:37 --> Undefined variable $products
in APPPATH\Controllers\Home.php on line 16.
 1 APPPATH\Controllers\Home.php(16): CodeIgniter\Debug\Exceptions->errorHandler(2, 'Undefined variable $products', 'C:\\laragon\\www\\ecommerce\\ci4\\app\\Controllers\\Home.php', 16)
 2 SYSTEMPATH\CodeIgniter.php(919): App\Controllers\Home->shop()
 3 SYSTEMPATH\CodeIgniter.php(494): CodeIgniter\CodeIgniter->runController(Object(App\Controllers\Home))
 4 SYSTEMPATH\CodeIgniter.php(353): CodeIgniter\CodeIgniter->handleRequest(null, Object(Config\Cache), false)
 5 FCPATH\index.php(79): CodeIgniter\CodeIgniter->run()
 6 SYSTEMPATH\Commands\Server\rewrite.php(47): require_once('C:\\laragon\\www\\ecommerce\\ci4\\public\\index.php')
CRITICAL - 2023-09-28 15:04:49 --> Call to undefined function form_open()
in APPPATH\Views\register.php on line 10.
 1 SYSTEMPATH\View\View.php(226): include()
 2 SYSTEMPATH\View\View.php(229): CodeIgniter\View\View->CodeIgniter\View\{closure}()
 3 SYSTEMPATH\Common.php(1188): CodeIgniter\View\View->render('register', [], true)
 4 APPPATH\Controllers\Home.php(32): view('register')
 5 SYSTEMPATH\CodeIgniter.php(919): App\Controllers\Home->register()
 6 SYSTEMPATH\CodeIgniter.php(494): CodeIgniter\CodeIgniter->runController(Object(App\Controllers\Home))
 7 SYSTEMPATH\CodeIgniter.php(353): CodeIgniter\CodeIgniter->handleRequest(null, Object(Config\Cache), false)
 8 FCPATH\index.php(79): CodeIgniter\CodeIgniter->run()
 9 SYSTEMPATH\Commands\Server\rewrite.php(47): require_once('C:\\laragon\\www\\ecommerce\\ci4\\public\\index.php')
CRITICAL - 2023-09-28 15:04:55 --> Call to undefined function form_open()
in APPPATH\Views\register.php on line 10.
 1 SYSTEMPATH\View\View.php(226): include()
 2 SYSTEMPATH\View\View.php(229): CodeIgniter\View\View->CodeIgniter\View\{closure}()
 3 SYSTEMPATH\Common.php(1188): CodeIgniter\View\View->render('register', [], true)
 4 APPPATH\Controllers\Home.php(32): view('register')
 5 SYSTEMPATH\CodeIgniter.php(919): App\Controllers\Home->register()
 6 SYSTEMPATH\CodeIgniter.php(494): CodeIgniter\CodeIgniter->runController(Object(App\Controllers\Home))
 7 SYSTEMPATH\CodeIgniter.php(353): CodeIgniter\CodeIgniter->handleRequest(null, Object(Config\Cache), false)
 8 FCPATH\index.php(79): CodeIgniter\CodeIgniter->run()
 9 SYSTEMPATH\Commands\Server\rewrite.php(47): require_once('C:\\laragon\\www\\ecommerce\\ci4\\public\\index.php')
